{"/home/dxmar/CSCE_CorseWork/CSCE_482/Collections/src/App.js": {"path":"/home/dxmar/CSCE_CorseWork/CSCE_482/Collections/src/App.js","statementMap":{"0":{"start":{"line":20,"column":12},"end":{"line":410,"column":1}},"1":{"start":{"line":21,"column":19},"end":{"line":21,"column":32}},"2":{"start":{"line":22,"column":27},"end":{"line":22,"column":40}},"3":{"start":{"line":23,"column":62},"end":{"line":23,"column":77}},"4":{"start":{"line":24,"column":52},"end":{"line":24,"column":67}},"5":{"start":{"line":25,"column":64},"end":{"line":25,"column":73}},"6":{"start":{"line":26,"column":38},"end":{"line":26,"column":50}},"7":{"start":{"line":27,"column":50},"end":{"line":27,"column":62}},"8":{"start":{"line":28,"column":38},"end":{"line":28,"column":50}},"9":{"start":{"line":29,"column":30},"end":{"line":29,"column":42}},"10":{"start":{"line":30,"column":58},"end":{"line":30,"column":72}},"11":{"start":{"line":31,"column":48},"end":{"line":31,"column":63}},"12":{"start":{"line":32,"column":42},"end":{"line":32,"column":57}},"13":{"start":{"line":33,"column":32},"end":{"line":33,"column":46}},"14":{"start":{"line":34,"column":28},"end":{"line":34,"column":42}},"15":{"start":{"line":35,"column":50},"end":{"line":35,"column":65}},"16":{"start":{"line":36,"column":44},"end":{"line":36,"column":55}},"17":{"start":{"line":37,"column":46},"end":{"line":37,"column":57}},"18":{"start":{"line":38,"column":54},"end":{"line":38,"column":69}},"19":{"start":{"line":39,"column":54},"end":{"line":39,"column":69}},"20":{"start":{"line":40,"column":48},"end":{"line":40,"column":63}},"21":{"start":{"line":42,"column":31},"end":{"line":45,"column":3}},"22":{"start":{"line":43,"column":4},"end":{"line":43,"column":30}},"23":{"start":{"line":44,"column":4},"end":{"line":44,"column":30}},"24":{"start":{"line":47,"column":25},"end":{"line":87,"column":3}},"25":{"start":{"line":48,"column":4},"end":{"line":48,"column":22}},"26":{"start":{"line":48,"column":15},"end":{"line":48,"column":22}},"27":{"start":{"line":50,"column":4},"end":{"line":86,"column":5}},"28":{"start":{"line":51,"column":6},"end":{"line":51,"column":23}},"29":{"start":{"line":52,"column":19},"end":{"line":52,"column":42}},"30":{"start":{"line":53,"column":6},"end":{"line":53,"column":26}},"31":{"start":{"line":56,"column":23},"end":{"line":56,"column":40}},"32":{"start":{"line":57,"column":6},"end":{"line":61,"column":9}},"33":{"start":{"line":58,"column":8},"end":{"line":60,"column":9}},"34":{"start":{"line":59,"column":10},"end":{"line":59,"column":50}},"35":{"start":{"line":62,"column":6},"end":{"line":62,"column":30}},"36":{"start":{"line":65,"column":6},"end":{"line":79,"column":7}},"37":{"start":{"line":66,"column":8},"end":{"line":75,"column":9}},"38":{"start":{"line":66,"column":51},"end":{"line":66,"column":80}},"39":{"start":{"line":67,"column":10},"end":{"line":67,"column":44}},"40":{"start":{"line":68,"column":10},"end":{"line":68,"column":43}},"41":{"start":{"line":71,"column":27},"end":{"line":71,"column":74}},"42":{"start":{"line":71,"column":44},"end":{"line":71,"column":73}},"43":{"start":{"line":72,"column":10},"end":{"line":74,"column":11}},"44":{"start":{"line":73,"column":12},"end":{"line":73,"column":46}},"45":{"start":{"line":77,"column":8},"end":{"line":77,"column":32}},"46":{"start":{"line":78,"column":8},"end":{"line":78,"column":38}},"47":{"start":{"line":81,"column":6},"end":{"line":81,"column":24}},"48":{"start":{"line":83,"column":6},"end":{"line":83,"column":70}},"49":{"start":{"line":84,"column":6},"end":{"line":84,"column":24}},"50":{"start":{"line":85,"column":6},"end":{"line":85,"column":25}},"51":{"start":{"line":90,"column":24},"end":{"line":106,"column":3}},"52":{"start":{"line":91,"column":4},"end":{"line":91,"column":22}},"53":{"start":{"line":91,"column":15},"end":{"line":91,"column":22}},"54":{"start":{"line":93,"column":4},"end":{"line":105,"column":5}},"55":{"start":{"line":95,"column":24},"end":{"line":95,"column":44}},"56":{"start":{"line":96,"column":6},"end":{"line":96,"column":48}},"57":{"start":{"line":97,"column":6},"end":{"line":97,"column":41}},"58":{"start":{"line":100,"column":24},"end":{"line":100,"column":44}},"59":{"start":{"line":101,"column":6},"end":{"line":101,"column":48}},"60":{"start":{"line":102,"column":6},"end":{"line":102,"column":42}},"61":{"start":{"line":104,"column":6},"end":{"line":104,"column":55}},"62":{"start":{"line":108,"column":31},"end":{"line":115,"column":3}},"63":{"start":{"line":109,"column":4},"end":{"line":114,"column":5}},"64":{"start":{"line":110,"column":24},"end":{"line":110,"column":69}},"65":{"start":{"line":111,"column":6},"end":{"line":111,"column":27}},"66":{"start":{"line":113,"column":6},"end":{"line":113,"column":60}},"67":{"start":{"line":117,"column":2},"end":{"line":125,"column":11}},"68":{"start":{"line":119,"column":4},"end":{"line":124,"column":5}},"69":{"start":{"line":120,"column":6},"end":{"line":120,"column":38}},"70":{"start":{"line":121,"column":6},"end":{"line":121,"column":29}},"71":{"start":{"line":122,"column":6},"end":{"line":122,"column":23}},"72":{"start":{"line":123,"column":6},"end":{"line":123,"column":22}},"73":{"start":{"line":127,"column":31},"end":{"line":133,"column":3}},"74":{"start":{"line":128,"column":4},"end":{"line":128,"column":38}},"75":{"start":{"line":129,"column":21},"end":{"line":129,"column":72}},"76":{"start":{"line":129,"column":46},"end":{"line":129,"column":71}},"77":{"start":{"line":130,"column":4},"end":{"line":132,"column":5}},"78":{"start":{"line":131,"column":6},"end":{"line":131,"column":40}},"79":{"start":{"line":135,"column":30},"end":{"line":138,"column":3}},"80":{"start":{"line":136,"column":4},"end":{"line":136,"column":30}},"81":{"start":{"line":137,"column":4},"end":{"line":137,"column":21}},"82":{"start":{"line":140,"column":27},"end":{"line":143,"column":3}},"83":{"start":{"line":141,"column":4},"end":{"line":141,"column":27}},"84":{"start":{"line":142,"column":4},"end":{"line":142,"column":21}},"85":{"start":{"line":145,"column":32},"end":{"line":160,"column":3}},"86":{"start":{"line":146,"column":30},"end":{"line":146,"column":77}},"87":{"start":{"line":146,"column":55},"end":{"line":146,"column":76}},"88":{"start":{"line":147,"column":4},"end":{"line":147,"column":37}},"89":{"start":{"line":149,"column":4},"end":{"line":159,"column":5}},"90":{"start":{"line":150,"column":6},"end":{"line":158,"column":7}},"91":{"start":{"line":151,"column":8},"end":{"line":151,"column":55}},"92":{"start":{"line":152,"column":8},"end":{"line":152,"column":54}},"93":{"start":{"line":153,"column":8},"end":{"line":153,"column":53}},"94":{"start":{"line":155,"column":8},"end":{"line":155,"column":32}},"95":{"start":{"line":156,"column":8},"end":{"line":156,"column":38}},"96":{"start":{"line":157,"column":8},"end":{"line":157,"column":22}},"97":{"start":{"line":162,"column":30},"end":{"line":171,"column":3}},"98":{"start":{"line":163,"column":4},"end":{"line":168,"column":5}},"99":{"start":{"line":164,"column":6},"end":{"line":167,"column":10}},"100":{"start":{"line":164,"column":34},"end":{"line":167,"column":7}},"101":{"start":{"line":166,"column":84},"end":{"line":166,"column":117}},"102":{"start":{"line":170,"column":4},"end":{"line":170,"column":21}},"103":{"start":{"line":173,"column":23},"end":{"line":190,"column":3}},"104":{"start":{"line":174,"column":4},"end":{"line":189,"column":5}},"105":{"start":{"line":175,"column":6},"end":{"line":175,"column":21}},"106":{"start":{"line":176,"column":6},"end":{"line":176,"column":19}},"107":{"start":{"line":177,"column":6},"end":{"line":177,"column":24}},"108":{"start":{"line":178,"column":6},"end":{"line":178,"column":30}},"109":{"start":{"line":179,"column":6},"end":{"line":179,"column":36}},"110":{"start":{"line":180,"column":6},"end":{"line":180,"column":24}},"111":{"start":{"line":182,"column":6},"end":{"line":182,"column":45}},"112":{"start":{"line":184,"column":6},"end":{"line":184,"column":19}},"113":{"start":{"line":185,"column":6},"end":{"line":185,"column":24}},"114":{"start":{"line":186,"column":6},"end":{"line":186,"column":30}},"115":{"start":{"line":187,"column":6},"end":{"line":187,"column":36}},"116":{"start":{"line":188,"column":6},"end":{"line":188,"column":24}},"117":{"start":{"line":192,"column":30},"end":{"line":216,"column":3}},"118":{"start":{"line":193,"column":4},"end":{"line":215,"column":5}},"119":{"start":{"line":194,"column":6},"end":{"line":194,"column":33}},"120":{"start":{"line":195,"column":21},"end":{"line":195,"column":46}},"121":{"start":{"line":196,"column":6},"end":{"line":196,"column":54}},"122":{"start":{"line":199,"column":6},"end":{"line":199,"column":19}},"123":{"start":{"line":200,"column":6},"end":{"line":200,"column":24}},"124":{"start":{"line":201,"column":6},"end":{"line":201,"column":30}},"125":{"start":{"line":202,"column":6},"end":{"line":202,"column":36}},"126":{"start":{"line":203,"column":6},"end":{"line":203,"column":24}},"127":{"start":{"line":206,"column":6},"end":{"line":206,"column":39}},"128":{"start":{"line":207,"column":6},"end":{"line":207,"column":34}},"129":{"start":{"line":211,"column":6},"end":{"line":211,"column":56}},"130":{"start":{"line":212,"column":6},"end":{"line":212,"column":34}},"131":{"start":{"line":214,"column":6},"end":{"line":214,"column":64}},"132":{"start":{"line":218,"column":32},"end":{"line":221,"column":3}},"133":{"start":{"line":220,"column":4},"end":{"line":220,"column":21}},"134":{"start":{"line":223,"column":35},"end":{"line":225,"column":3}},"135":{"start":{"line":224,"column":4},"end":{"line":224,"column":43}},"136":{"start":{"line":227,"column":33},"end":{"line":230,"column":3}},"137":{"start":{"line":229,"column":4},"end":{"line":229,"column":21}},"138":{"start":{"line":233,"column":2},"end":{"line":235,"column":3}},"139":{"start":{"line":234,"column":4},"end":{"line":234,"column":53}},"140":{"start":{"line":238,"column":2},"end":{"line":240,"column":3}},"141":{"start":{"line":239,"column":4},"end":{"line":239,"column":48}},"142":{"start":{"line":242,"column":2},"end":{"line":244,"column":3}},"143":{"start":{"line":243,"column":4},"end":{"line":243,"column":65}},"144":{"start":{"line":246,"column":2},"end":{"line":248,"column":3}},"145":{"start":{"line":247,"column":4},"end":{"line":247,"column":48}},"146":{"start":{"line":250,"column":2},"end":{"line":409,"column":4}},"147":{"start":{"line":263,"column":31},"end":{"line":263,"column":58}},"148":{"start":{"line":269,"column":31},"end":{"line":269,"column":58}},"149":{"start":{"line":290,"column":67},"end":{"line":290,"column":87}},"150":{"start":{"line":297,"column":65},"end":{"line":297,"column":89}},"151":{"start":{"line":304,"column":72},"end":{"line":304,"column":103}},"152":{"start":{"line":314,"column":29},"end":{"line":314,"column":53}},"153":{"start":{"line":321,"column":31},"end":{"line":321,"column":52}},"154":{"start":{"line":352,"column":33},"end":{"line":352,"column":49}},"155":{"start":{"line":360,"column":25},"end":{"line":360,"column":50}},"156":{"start":{"line":370,"column":25},"end":{"line":370,"column":47}},"157":{"start":{"line":379,"column":26},"end":{"line":379,"column":58}},"158":{"start":{"line":388,"column":25},"end":{"line":388,"column":53}},"159":{"start":{"line":396,"column":25},"end":{"line":396,"column":53}},"160":{"start":{"line":404,"column":25},"end":{"line":404,"column":50}}},"fnMap":{"0":{"name":"(anonymous_0)","decl":{"start":{"line":20,"column":12},"end":{"line":20,"column":13}},"loc":{"start":{"line":20,"column":18},"end":{"line":410,"column":1}},"line":20},"1":{"name":"(anonymous_1)","decl":{"start":{"line":42,"column":31},"end":{"line":42,"column":32}},"loc":{"start":{"line":42,"column":51},"end":{"line":45,"column":3}},"line":42},"2":{"name":"(anonymous_2)","decl":{"start":{"line":47,"column":25},"end":{"line":47,"column":26}},"loc":{"start":{"line":47,"column":37},"end":{"line":87,"column":3}},"line":47},"3":{"name":"(anonymous_3)","decl":{"start":{"line":57,"column":19},"end":{"line":57,"column":20}},"loc":{"start":{"line":57,"column":31},"end":{"line":61,"column":7}},"line":57},"4":{"name":"(anonymous_4)","decl":{"start":{"line":66,"column":44},"end":{"line":66,"column":45}},"loc":{"start":{"line":66,"column":51},"end":{"line":66,"column":80}},"line":66},"5":{"name":"(anonymous_5)","decl":{"start":{"line":71,"column":37},"end":{"line":71,"column":38}},"loc":{"start":{"line":71,"column":44},"end":{"line":71,"column":73}},"line":71},"6":{"name":"(anonymous_6)","decl":{"start":{"line":90,"column":24},"end":{"line":90,"column":25}},"loc":{"start":{"line":90,"column":36},"end":{"line":106,"column":3}},"line":90},"7":{"name":"(anonymous_7)","decl":{"start":{"line":108,"column":31},"end":{"line":108,"column":32}},"loc":{"start":{"line":108,"column":43},"end":{"line":115,"column":3}},"line":108},"8":{"name":"(anonymous_8)","decl":{"start":{"line":117,"column":12},"end":{"line":117,"column":13}},"loc":{"start":{"line":117,"column":18},"end":{"line":125,"column":1}},"line":117},"9":{"name":"(anonymous_9)","decl":{"start":{"line":127,"column":31},"end":{"line":127,"column":32}},"loc":{"start":{"line":127,"column":49},"end":{"line":133,"column":3}},"line":127},"10":{"name":"(anonymous_10)","decl":{"start":{"line":129,"column":37},"end":{"line":129,"column":38}},"loc":{"start":{"line":129,"column":46},"end":{"line":129,"column":71}},"line":129},"11":{"name":"(anonymous_11)","decl":{"start":{"line":135,"column":30},"end":{"line":135,"column":31}},"loc":{"start":{"line":135,"column":36},"end":{"line":138,"column":3}},"line":135},"12":{"name":"(anonymous_12)","decl":{"start":{"line":140,"column":27},"end":{"line":140,"column":28}},"loc":{"start":{"line":140,"column":33},"end":{"line":143,"column":3}},"line":140},"13":{"name":"(anonymous_13)","decl":{"start":{"line":145,"column":32},"end":{"line":145,"column":33}},"loc":{"start":{"line":145,"column":48},"end":{"line":160,"column":3}},"line":145},"14":{"name":"(anonymous_14)","decl":{"start":{"line":146,"column":48},"end":{"line":146,"column":49}},"loc":{"start":{"line":146,"column":55},"end":{"line":146,"column":76}},"line":146},"15":{"name":"(anonymous_15)","decl":{"start":{"line":162,"column":30},"end":{"line":162,"column":31}},"loc":{"start":{"line":162,"column":51},"end":{"line":171,"column":3}},"line":162},"16":{"name":"(anonymous_16)","decl":{"start":{"line":164,"column":20},"end":{"line":164,"column":21}},"loc":{"start":{"line":164,"column":34},"end":{"line":167,"column":7}},"line":164},"17":{"name":"(anonymous_17)","decl":{"start":{"line":166,"column":77},"end":{"line":166,"column":78}},"loc":{"start":{"line":166,"column":84},"end":{"line":166,"column":117}},"line":166},"18":{"name":"(anonymous_18)","decl":{"start":{"line":173,"column":23},"end":{"line":173,"column":24}},"loc":{"start":{"line":173,"column":35},"end":{"line":190,"column":3}},"line":173},"19":{"name":"(anonymous_19)","decl":{"start":{"line":192,"column":30},"end":{"line":192,"column":31}},"loc":{"start":{"line":192,"column":42},"end":{"line":216,"column":3}},"line":192},"20":{"name":"(anonymous_20)","decl":{"start":{"line":218,"column":32},"end":{"line":218,"column":33}},"loc":{"start":{"line":218,"column":48},"end":{"line":221,"column":3}},"line":218},"21":{"name":"(anonymous_21)","decl":{"start":{"line":223,"column":35},"end":{"line":223,"column":36}},"loc":{"start":{"line":223,"column":41},"end":{"line":225,"column":3}},"line":223},"22":{"name":"(anonymous_22)","decl":{"start":{"line":227,"column":33},"end":{"line":227,"column":34}},"loc":{"start":{"line":227,"column":57},"end":{"line":230,"column":3}},"line":227},"23":{"name":"(anonymous_23)","decl":{"start":{"line":263,"column":25},"end":{"line":263,"column":26}},"loc":{"start":{"line":263,"column":31},"end":{"line":263,"column":58}},"line":263},"24":{"name":"(anonymous_24)","decl":{"start":{"line":269,"column":25},"end":{"line":269,"column":26}},"loc":{"start":{"line":269,"column":31},"end":{"line":269,"column":58}},"line":269},"25":{"name":"(anonymous_25)","decl":{"start":{"line":290,"column":61},"end":{"line":290,"column":62}},"loc":{"start":{"line":290,"column":67},"end":{"line":290,"column":87}},"line":290},"26":{"name":"(anonymous_26)","decl":{"start":{"line":297,"column":59},"end":{"line":297,"column":60}},"loc":{"start":{"line":297,"column":65},"end":{"line":297,"column":89}},"line":297},"27":{"name":"(anonymous_27)","decl":{"start":{"line":304,"column":66},"end":{"line":304,"column":67}},"loc":{"start":{"line":304,"column":72},"end":{"line":304,"column":103}},"line":304},"28":{"name":"(anonymous_28)","decl":{"start":{"line":314,"column":23},"end":{"line":314,"column":24}},"loc":{"start":{"line":314,"column":29},"end":{"line":314,"column":53}},"line":314},"29":{"name":"(anonymous_29)","decl":{"start":{"line":321,"column":25},"end":{"line":321,"column":26}},"loc":{"start":{"line":321,"column":31},"end":{"line":321,"column":52}},"line":321},"30":{"name":"(anonymous_30)","decl":{"start":{"line":352,"column":27},"end":{"line":352,"column":28}},"loc":{"start":{"line":352,"column":33},"end":{"line":352,"column":49}},"line":352},"31":{"name":"(anonymous_31)","decl":{"start":{"line":360,"column":19},"end":{"line":360,"column":20}},"loc":{"start":{"line":360,"column":25},"end":{"line":360,"column":50}},"line":360},"32":{"name":"(anonymous_32)","decl":{"start":{"line":370,"column":19},"end":{"line":370,"column":20}},"loc":{"start":{"line":370,"column":25},"end":{"line":370,"column":47}},"line":370},"33":{"name":"(anonymous_33)","decl":{"start":{"line":379,"column":20},"end":{"line":379,"column":21}},"loc":{"start":{"line":379,"column":26},"end":{"line":379,"column":58}},"line":379},"34":{"name":"(anonymous_34)","decl":{"start":{"line":388,"column":19},"end":{"line":388,"column":20}},"loc":{"start":{"line":388,"column":25},"end":{"line":388,"column":53}},"line":388},"35":{"name":"(anonymous_35)","decl":{"start":{"line":396,"column":19},"end":{"line":396,"column":20}},"loc":{"start":{"line":396,"column":25},"end":{"line":396,"column":53}},"line":396},"36":{"name":"(anonymous_36)","decl":{"start":{"line":404,"column":19},"end":{"line":404,"column":20}},"loc":{"start":{"line":404,"column":25},"end":{"line":404,"column":50}},"line":404}},"branchMap":{"0":{"loc":{"start":{"line":48,"column":4},"end":{"line":48,"column":22}},"type":"if","locations":[{"start":{"line":48,"column":4},"end":{"line":48,"column":22}},{"start":{},"end":{}}],"line":48},"1":{"loc":{"start":{"line":58,"column":8},"end":{"line":60,"column":9}},"type":"if","locations":[{"start":{"line":58,"column":8},"end":{"line":60,"column":9}},{"start":{},"end":{}}],"line":58},"2":{"loc":{"start":{"line":65,"column":6},"end":{"line":79,"column":7}},"type":"if","locations":[{"start":{"line":65,"column":6},"end":{"line":79,"column":7}},{"start":{"line":76,"column":13},"end":{"line":79,"column":7}}],"line":65},"3":{"loc":{"start":{"line":66,"column":8},"end":{"line":75,"column":9}},"type":"if","locations":[{"start":{"line":66,"column":8},"end":{"line":75,"column":9}},{"start":{"line":69,"column":15},"end":{"line":75,"column":9}}],"line":66},"4":{"loc":{"start":{"line":66,"column":12},"end":{"line":66,"column":81}},"type":"binary-expr","locations":[{"start":{"line":66,"column":12},"end":{"line":66,"column":29}},{"start":{"line":66,"column":33},"end":{"line":66,"column":81}}],"line":66},"5":{"loc":{"start":{"line":72,"column":10},"end":{"line":74,"column":11}},"type":"if","locations":[{"start":{"line":72,"column":10},"end":{"line":74,"column":11}},{"start":{},"end":{}}],"line":72},"6":{"loc":{"start":{"line":91,"column":4},"end":{"line":91,"column":22}},"type":"if","locations":[{"start":{"line":91,"column":4},"end":{"line":91,"column":22}},{"start":{},"end":{}}],"line":91},"7":{"loc":{"start":{"line":110,"column":45},"end":{"line":110,"column":68}},"type":"binary-expr","locations":[{"start":{"line":110,"column":45},"end":{"line":110,"column":52}},{"start":{"line":110,"column":56},"end":{"line":110,"column":68}}],"line":110},"8":{"loc":{"start":{"line":119,"column":4},"end":{"line":124,"column":5}},"type":"if","locations":[{"start":{"line":119,"column":4},"end":{"line":124,"column":5}},{"start":{},"end":{}}],"line":119},"9":{"loc":{"start":{"line":119,"column":8},"end":{"line":119,"column":41}},"type":"binary-expr","locations":[{"start":{"line":119,"column":8},"end":{"line":119,"column":12}},{"start":{"line":119,"column":16},"end":{"line":119,"column":41}}],"line":119},"10":{"loc":{"start":{"line":130,"column":4},"end":{"line":132,"column":5}},"type":"if","locations":[{"start":{"line":130,"column":4},"end":{"line":132,"column":5}},{"start":{},"end":{}}],"line":130},"11":{"loc":{"start":{"line":149,"column":4},"end":{"line":159,"column":5}},"type":"if","locations":[{"start":{"line":149,"column":4},"end":{"line":159,"column":5}},{"start":{},"end":{}}],"line":149},"12":{"loc":{"start":{"line":149,"column":8},"end":{"line":149,"column":70}},"type":"binary-expr","locations":[{"start":{"line":149,"column":8},"end":{"line":149,"column":28}},{"start":{"line":149,"column":32},"end":{"line":149,"column":70}}],"line":149},"13":{"loc":{"start":{"line":150,"column":6},"end":{"line":158,"column":7}},"type":"if","locations":[{"start":{"line":150,"column":6},"end":{"line":158,"column":7}},{"start":{"line":154,"column":13},"end":{"line":158,"column":7}}],"line":150},"14":{"loc":{"start":{"line":153,"column":18},"end":{"line":153,"column":51}},"type":"binary-expr","locations":[{"start":{"line":153,"column":18},"end":{"line":153,"column":45}},{"start":{"line":153,"column":49},"end":{"line":153,"column":51}}],"line":153},"15":{"loc":{"start":{"line":163,"column":4},"end":{"line":168,"column":5}},"type":"if","locations":[{"start":{"line":163,"column":4},"end":{"line":168,"column":5}},{"start":{},"end":{}}],"line":163},"16":{"loc":{"start":{"line":163,"column":8},"end":{"line":163,"column":67}},"type":"binary-expr","locations":[{"start":{"line":163,"column":8},"end":{"line":163,"column":28}},{"start":{"line":163,"column":32},"end":{"line":163,"column":67}}],"line":163},"17":{"loc":{"start":{"line":233,"column":2},"end":{"line":235,"column":3}},"type":"if","locations":[{"start":{"line":233,"column":2},"end":{"line":235,"column":3}},{"start":{},"end":{}}],"line":233},"18":{"loc":{"start":{"line":238,"column":2},"end":{"line":240,"column":3}},"type":"if","locations":[{"start":{"line":238,"column":2},"end":{"line":240,"column":3}},{"start":{},"end":{}}],"line":238},"19":{"loc":{"start":{"line":242,"column":2},"end":{"line":244,"column":3}},"type":"if","locations":[{"start":{"line":242,"column":2},"end":{"line":244,"column":3}},{"start":{},"end":{}}],"line":242},"20":{"loc":{"start":{"line":242,"column":6},"end":{"line":242,"column":40}},"type":"binary-expr","locations":[{"start":{"line":242,"column":6},"end":{"line":242,"column":13}},{"start":{"line":242,"column":17},"end":{"line":242,"column":40}}],"line":242},"21":{"loc":{"start":{"line":246,"column":2},"end":{"line":248,"column":3}},"type":"if","locations":[{"start":{"line":246,"column":2},"end":{"line":248,"column":3}},{"start":{},"end":{}}],"line":246},"22":{"loc":{"start":{"line":275,"column":15},"end":{"line":281,"column":15}},"type":"binary-expr","locations":[{"start":{"line":275,"column":15},"end":{"line":275,"column":39}},{"start":{"line":276,"column":16},"end":{"line":280,"column":18}}],"line":275},"23":{"loc":{"start":{"line":283,"column":17},"end":{"line":283,"column":81}},"type":"binary-expr","locations":[{"start":{"line":283,"column":17},"end":{"line":283,"column":34}},{"start":{"line":283,"column":38},"end":{"line":283,"column":53}},{"start":{"line":283,"column":57},"end":{"line":283,"column":81}}],"line":283},"24":{"loc":{"start":{"line":288,"column":13},"end":{"line":308,"column":13}},"type":"binary-expr","locations":[{"start":{"line":288,"column":13},"end":{"line":288,"column":29}},{"start":{"line":289,"column":14},"end":{"line":307,"column":20}}],"line":288},"25":{"loc":{"start":{"line":318,"column":13},"end":{"line":325,"column":13}},"type":"binary-expr","locations":[{"start":{"line":318,"column":13},"end":{"line":318,"column":34}},{"start":{"line":319,"column":14},"end":{"line":324,"column":23}}],"line":318},"26":{"loc":{"start":{"line":342,"column":16},"end":{"line":342,"column":85}},"type":"cond-expr","locations":[{"start":{"line":342,"column":39},"end":{"line":342,"column":80}},{"start":{"line":342,"column":83},"end":{"line":342,"column":85}}],"line":342},"27":{"loc":{"start":{"line":342,"column":39},"end":{"line":342,"column":80}},"type":"binary-expr","locations":[{"start":{"line":342,"column":39},"end":{"line":342,"column":74}},{"start":{"line":342,"column":78},"end":{"line":342,"column":80}}],"line":342},"28":{"loc":{"start":{"line":347,"column":7},"end":{"line":355,"column":7}},"type":"binary-expr","locations":[{"start":{"line":347,"column":7},"end":{"line":347,"column":27}},{"start":{"line":348,"column":8},"end":{"line":354,"column":10}}],"line":347},"29":{"loc":{"start":{"line":350,"column":18},"end":{"line":350,"column":87}},"type":"cond-expr","locations":[{"start":{"line":350,"column":41},"end":{"line":350,"column":82}},{"start":{"line":350,"column":85},"end":{"line":350,"column":87}}],"line":350},"30":{"loc":{"start":{"line":350,"column":41},"end":{"line":350,"column":82}},"type":"binary-expr","locations":[{"start":{"line":350,"column":41},"end":{"line":350,"column":76}},{"start":{"line":350,"column":80},"end":{"line":350,"column":82}}],"line":350},"31":{"loc":{"start":{"line":358,"column":7},"end":{"line":363,"column":7}},"type":"binary-expr","locations":[{"start":{"line":358,"column":7},"end":{"line":358,"column":22}},{"start":{"line":359,"column":8},"end":{"line":362,"column":10}}],"line":358},"32":{"loc":{"start":{"line":366,"column":7},"end":{"line":373,"column":7}},"type":"binary-expr","locations":[{"start":{"line":366,"column":7},"end":{"line":366,"column":19}},{"start":{"line":367,"column":8},"end":{"line":372,"column":10}}],"line":366},"33":{"loc":{"start":{"line":376,"column":7},"end":{"line":382,"column":7}},"type":"binary-expr","locations":[{"start":{"line":376,"column":7},"end":{"line":376,"column":29}},{"start":{"line":377,"column":8},"end":{"line":381,"column":10}}],"line":376},"34":{"loc":{"start":{"line":385,"column":7},"end":{"line":390,"column":7}},"type":"binary-expr","locations":[{"start":{"line":385,"column":7},"end":{"line":385,"column":25}},{"start":{"line":386,"column":8},"end":{"line":389,"column":10}}],"line":385},"35":{"loc":{"start":{"line":393,"column":7},"end":{"line":398,"column":7}},"type":"binary-expr","locations":[{"start":{"line":393,"column":7},"end":{"line":393,"column":25}},{"start":{"line":394,"column":8},"end":{"line":397,"column":10}}],"line":393},"36":{"loc":{"start":{"line":401,"column":7},"end":{"line":407,"column":7}},"type":"binary-expr","locations":[{"start":{"line":401,"column":7},"end":{"line":401,"column":22}},{"start":{"line":402,"column":8},"end":{"line":406,"column":10}}],"line":401}},"s":{"0":0,"1":0,"2":0,"3":0,"4":0,"5":0,"6":0,"7":0,"8":0,"9":0,"10":0,"11":0,"12":0,"13":0,"14":0,"15":0,"16":0,"17":0,"18":0,"19":0,"20":0,"21":0,"22":0,"23":0,"24":0,"25":0,"26":0,"27":0,"28":0,"29":0,"30":0,"31":0,"32":0,"33":0,"34":0,"35":0,"36":0,"37":0,"38":0,"39":0,"40":0,"41":0,"42":0,"43":0,"44":0,"45":0,"46":0,"47":0,"48":0,"49":0,"50":0,"51":0,"52":0,"53":0,"54":0,"55":0,"56":0,"57":0,"58":0,"59":0,"60":0,"61":0,"62":0,"63":0,"64":0,"65":0,"66":0,"67":0,"68":0,"69":0,"70":0,"71":0,"72":0,"73":0,"74":0,"75":0,"76":0,"77":0,"78":0,"79":0,"80":0,"81":0,"82":0,"83":0,"84":0,"85":0,"86":0,"87":0,"88":0,"89":0,"90":0,"91":0,"92":0,"93":0,"94":0,"95":0,"96":0,"97":0,"98":0,"99":0,"100":0,"101":0,"102":0,"103":0,"104":0,"105":0,"106":0,"107":0,"108":0,"109":0,"110":0,"111":0,"112":0,"113":0,"114":0,"115":0,"116":0,"117":0,"118":0,"119":0,"120":0,"121":0,"122":0,"123":0,"124":0,"125":0,"126":0,"127":0,"128":0,"129":0,"130":0,"131":0,"132":0,"133":0,"134":0,"135":0,"136":0,"137":0,"138":0,"139":0,"140":0,"141":0,"142":0,"143":0,"144":0,"145":0,"146":0,"147":0,"148":0,"149":0,"150":0,"151":0,"152":0,"153":0,"154":0,"155":0,"156":0,"157":0,"158":0,"159":0,"160":0},"f":{"0":0,"1":0,"2":0,"3":0,"4":0,"5":0,"6":0,"7":0,"8":0,"9":0,"10":0,"11":0,"12":0,"13":0,"14":0,"15":0,"16":0,"17":0,"18":0,"19":0,"20":0,"21":0,"22":0,"23":0,"24":0,"25":0,"26":0,"27":0,"28":0,"29":0,"30":0,"31":0,"32":0,"33":0,"34":0,"35":0,"36":0},"b":{"0":[0,0],"1":[0,0],"2":[0,0],"3":[0,0],"4":[0,0],"5":[0,0],"6":[0,0],"7":[0,0],"8":[0,0],"9":[0,0],"10":[0,0],"11":[0,0],"12":[0,0],"13":[0,0],"14":[0,0],"15":[0,0],"16":[0,0],"17":[0,0],"18":[0,0],"19":[0,0],"20":[0,0],"21":[0,0],"22":[0,0],"23":[0,0,0],"24":[0,0],"25":[0,0],"26":[0,0],"27":[0,0],"28":[0,0],"29":[0,0],"30":[0,0],"31":[0,0],"32":[0,0],"33":[0,0],"34":[0,0],"35":[0,0],"36":[0,0]}}
,"/home/dxmar/CSCE_CorseWork/CSCE_482/Collections/src/index.js": {"path":"/home/dxmar/CSCE_CorseWork/CSCE_482/Collections/src/index.js","statementMap":{"0":{"start":{"line":8,"column":13},"end":{"line":8,"column":65}},"1":{"start":{"line":9,"column":0},"end":{"line":15,"column":2}},"2":{"start":{"line":20,"column":0},"end":{"line":20,"column":18}}},"fnMap":{},"branchMap":{},"s":{"0":0,"1":0,"2":0},"f":{},"b":{}}
,"/home/dxmar/CSCE_CorseWork/CSCE_482/Collections/src/routes.js": {"path":"/home/dxmar/CSCE_CorseWork/CSCE_482/Collections/src/routes.js","statementMap":{"0":{"start":{"line":10,"column":23},"end":{"line":22,"column":1}},"1":{"start":{"line":11,"column":28},"end":{"line":11,"column":37}},"2":{"start":{"line":13,"column":2},"end":{"line":15,"column":3}},"3":{"start":{"line":14,"column":4},"end":{"line":14,"column":53}},"4":{"start":{"line":17,"column":2},"end":{"line":19,"column":3}},"5":{"start":{"line":18,"column":4},"end":{"line":18,"column":39}},"6":{"start":{"line":21,"column":2},"end":{"line":21,"column":18}},"7":{"start":{"line":24,"column":18},"end":{"line":48,"column":1}},"8":{"start":{"line":25,"column":2},"end":{"line":47,"column":4}}},"fnMap":{"0":{"name":"(anonymous_0)","decl":{"start":{"line":10,"column":23},"end":{"line":10,"column":24}},"loc":{"start":{"line":10,"column":41},"end":{"line":22,"column":1}},"line":10},"1":{"name":"(anonymous_1)","decl":{"start":{"line":24,"column":18},"end":{"line":24,"column":19}},"loc":{"start":{"line":24,"column":24},"end":{"line":48,"column":1}},"line":24}},"branchMap":{"0":{"loc":{"start":{"line":13,"column":2},"end":{"line":15,"column":3}},"type":"if","locations":[{"start":{"line":13,"column":2},"end":{"line":15,"column":3}},{"start":{},"end":{}}],"line":13},"1":{"loc":{"start":{"line":17,"column":2},"end":{"line":19,"column":3}},"type":"if","locations":[{"start":{"line":17,"column":2},"end":{"line":19,"column":3}},{"start":{},"end":{}}],"line":17}},"s":{"0":0,"1":0,"2":0,"3":0,"4":0,"5":0,"6":0,"7":0,"8":0},"f":{"0":0,"1":0},"b":{"0":[0,0],"1":[0,0]}}
,"/home/dxmar/CSCE_CorseWork/CSCE_482/Collections/src/components/AddCategoryForm.js": {"path":"/home/dxmar/CSCE_CorseWork/CSCE_482/Collections/src/components/AddCategoryForm.js","statementMap":{"0":{"start":{"line":6,"column":24},"end":{"line":196,"column":1}},"1":{"start":{"line":7,"column":26},"end":{"line":7,"column":38}},"2":{"start":{"line":8,"column":50},"end":{"line":8,"column":64}},"3":{"start":{"line":9,"column":32},"end":{"line":9,"column":47}},"4":{"start":{"line":10,"column":28},"end":{"line":10,"column":40}},"5":{"start":{"line":11,"column":34},"end":{"line":11,"column":49}},"6":{"start":{"line":12,"column":26},"end":{"line":12,"column":38}},"7":{"start":{"line":13,"column":30},"end":{"line":13,"column":42}},"8":{"start":{"line":15,"column":23},"end":{"line":27,"column":3}},"9":{"start":{"line":16,"column":4},"end":{"line":16,"column":31}},"10":{"start":{"line":16,"column":24},"end":{"line":16,"column":31}},"11":{"start":{"line":19,"column":4},"end":{"line":22,"column":5}},"12":{"start":{"line":20,"column":6},"end":{"line":20,"column":42}},"13":{"start":{"line":21,"column":6},"end":{"line":21,"column":13}},"14":{"start":{"line":24,"column":4},"end":{"line":24,"column":38}},"15":{"start":{"line":25,"column":4},"end":{"line":25,"column":18}},"16":{"start":{"line":26,"column":4},"end":{"line":26,"column":17}},"17":{"start":{"line":29,"column":26},"end":{"line":31,"column":3}},"18":{"start":{"line":30,"column":4},"end":{"line":30,"column":53}},"19":{"start":{"line":30,"column":31},"end":{"line":30,"column":50}},"20":{"start":{"line":33,"column":24},"end":{"line":38,"column":3}},"21":{"start":{"line":34,"column":4},"end":{"line":37,"column":5}},"22":{"start":{"line":35,"column":6},"end":{"line":35,"column":25}},"23":{"start":{"line":36,"column":6},"end":{"line":36,"column":21}},"24":{"start":{"line":40,"column":23},"end":{"line":86,"column":3}},"25":{"start":{"line":41,"column":4},"end":{"line":41,"column":23}},"26":{"start":{"line":43,"column":4},"end":{"line":46,"column":5}},"27":{"start":{"line":44,"column":6},"end":{"line":44,"column":46}},"28":{"start":{"line":45,"column":6},"end":{"line":45,"column":13}},"29":{"start":{"line":48,"column":4},"end":{"line":85,"column":5}},"30":{"start":{"line":49,"column":6},"end":{"line":49,"column":23}},"31":{"start":{"line":50,"column":6},"end":{"line":50,"column":19}},"32":{"start":{"line":52,"column":6},"end":{"line":77,"column":7}},"33":{"start":{"line":54,"column":25},"end":{"line":54,"column":39}},"34":{"start":{"line":55,"column":8},"end":{"line":55,"column":38}},"35":{"start":{"line":56,"column":8},"end":{"line":56,"column":63}},"36":{"start":{"line":59,"column":8},"end":{"line":61,"column":9}},"37":{"start":{"line":60,"column":10},"end":{"line":60,"column":56}},"38":{"start":{"line":63,"column":8},"end":{"line":63,"column":48}},"39":{"start":{"line":66,"column":29},"end":{"line":69,"column":9}},"40":{"start":{"line":72,"column":8},"end":{"line":74,"column":9}},"41":{"start":{"line":73,"column":10},"end":{"line":73,"column":35}},"42":{"start":{"line":76,"column":8},"end":{"line":76,"column":43}},"43":{"start":{"line":79,"column":6},"end":{"line":79,"column":18}},"44":{"start":{"line":81,"column":6},"end":{"line":81,"column":65}},"45":{"start":{"line":82,"column":6},"end":{"line":82,"column":25}},"46":{"start":{"line":84,"column":6},"end":{"line":84,"column":24}},"47":{"start":{"line":88,"column":2},"end":{"line":195,"column":4}},"48":{"start":{"line":102,"column":31},"end":{"line":102,"column":54}},"49":{"start":{"line":114,"column":31},"end":{"line":114,"column":69}},"50":{"start":{"line":124,"column":32},"end":{"line":124,"column":54}},"51":{"start":{"line":139,"column":37},"end":{"line":139,"column":62}},"52":{"start":{"line":156,"column":20},"end":{"line":165,"column":26}},"53":{"start":{"line":161,"column":39},"end":{"line":161,"column":59}}},"fnMap":{"0":{"name":"(anonymous_0)","decl":{"start":{"line":6,"column":24},"end":{"line":6,"column":25}},"loc":{"start":{"line":6,"column":52},"end":{"line":196,"column":1}},"line":6},"1":{"name":"(anonymous_1)","decl":{"start":{"line":15,"column":23},"end":{"line":15,"column":24}},"loc":{"start":{"line":15,"column":29},"end":{"line":27,"column":3}},"line":15},"2":{"name":"(anonymous_2)","decl":{"start":{"line":29,"column":26},"end":{"line":29,"column":27}},"loc":{"start":{"line":29,"column":43},"end":{"line":31,"column":3}},"line":29},"3":{"name":"(anonymous_3)","decl":{"start":{"line":30,"column":24},"end":{"line":30,"column":25}},"loc":{"start":{"line":30,"column":31},"end":{"line":30,"column":50}},"line":30},"4":{"name":"(anonymous_4)","decl":{"start":{"line":33,"column":24},"end":{"line":33,"column":25}},"loc":{"start":{"line":33,"column":31},"end":{"line":38,"column":3}},"line":33},"5":{"name":"(anonymous_5)","decl":{"start":{"line":40,"column":23},"end":{"line":40,"column":24}},"loc":{"start":{"line":40,"column":36},"end":{"line":86,"column":3}},"line":40},"6":{"name":"(anonymous_6)","decl":{"start":{"line":102,"column":24},"end":{"line":102,"column":25}},"loc":{"start":{"line":102,"column":31},"end":{"line":102,"column":54}},"line":102},"7":{"name":"(anonymous_7)","decl":{"start":{"line":114,"column":24},"end":{"line":114,"column":25}},"loc":{"start":{"line":114,"column":31},"end":{"line":114,"column":69}},"line":114},"8":{"name":"(anonymous_8)","decl":{"start":{"line":124,"column":26},"end":{"line":124,"column":27}},"loc":{"start":{"line":124,"column":32},"end":{"line":124,"column":54}},"line":124},"9":{"name":"(anonymous_9)","decl":{"start":{"line":139,"column":30},"end":{"line":139,"column":31}},"loc":{"start":{"line":139,"column":37},"end":{"line":139,"column":62}},"line":139},"10":{"name":"(anonymous_10)","decl":{"start":{"line":155,"column":27},"end":{"line":155,"column":28}},"loc":{"start":{"line":156,"column":20},"end":{"line":165,"column":26}},"line":156},"11":{"name":"(anonymous_11)","decl":{"start":{"line":161,"column":33},"end":{"line":161,"column":34}},"loc":{"start":{"line":161,"column":39},"end":{"line":161,"column":59}},"line":161}},"branchMap":{"0":{"loc":{"start":{"line":16,"column":4},"end":{"line":16,"column":31}},"type":"if","locations":[{"start":{"line":16,"column":4},"end":{"line":16,"column":31}},{"start":{},"end":{}}],"line":16},"1":{"loc":{"start":{"line":19,"column":4},"end":{"line":22,"column":5}},"type":"if","locations":[{"start":{"line":19,"column":4},"end":{"line":22,"column":5}},{"start":{},"end":{}}],"line":19},"2":{"loc":{"start":{"line":34,"column":4},"end":{"line":37,"column":5}},"type":"if","locations":[{"start":{"line":34,"column":4},"end":{"line":37,"column":5}},{"start":{},"end":{}}],"line":34},"3":{"loc":{"start":{"line":34,"column":8},"end":{"line":34,"column":37}},"type":"binary-expr","locations":[{"start":{"line":34,"column":8},"end":{"line":34,"column":25}},{"start":{"line":34,"column":29},"end":{"line":34,"column":37}}],"line":34},"4":{"loc":{"start":{"line":43,"column":4},"end":{"line":46,"column":5}},"type":"if","locations":[{"start":{"line":43,"column":4},"end":{"line":46,"column":5}},{"start":{},"end":{}}],"line":43},"5":{"loc":{"start":{"line":52,"column":6},"end":{"line":77,"column":7}},"type":"if","locations":[{"start":{"line":52,"column":6},"end":{"line":77,"column":7}},{"start":{"line":64,"column":13},"end":{"line":77,"column":7}}],"line":52},"6":{"loc":{"start":{"line":59,"column":8},"end":{"line":61,"column":9}},"type":"if","locations":[{"start":{"line":59,"column":8},"end":{"line":61,"column":9}},{"start":{},"end":{}}],"line":59},"7":{"loc":{"start":{"line":59,"column":12},"end":{"line":59,"column":39}},"type":"binary-expr","locations":[{"start":{"line":59,"column":12},"end":{"line":59,"column":20}},{"start":{"line":59,"column":24},"end":{"line":59,"column":39}}],"line":59},"8":{"loc":{"start":{"line":72,"column":8},"end":{"line":74,"column":9}},"type":"if","locations":[{"start":{"line":72,"column":8},"end":{"line":74,"column":9}},{"start":{},"end":{}}],"line":72},"9":{"loc":{"start":{"line":72,"column":12},"end":{"line":72,"column":39}},"type":"binary-expr","locations":[{"start":{"line":72,"column":12},"end":{"line":72,"column":20}},{"start":{"line":72,"column":24},"end":{"line":72,"column":39}}],"line":72},"10":{"loc":{"start":{"line":93,"column":9},"end":{"line":93,"column":62}},"type":"binary-expr","locations":[{"start":{"line":93,"column":9},"end":{"line":93,"column":14}},{"start":{"line":93,"column":18},"end":{"line":93,"column":62}}],"line":93},"11":{"loc":{"start":{"line":130,"column":11},"end":{"line":172,"column":11}},"type":"binary-expr","locations":[{"start":{"line":130,"column":11},"end":{"line":130,"column":19}},{"start":{"line":131,"column":12},"end":{"line":171,"column":15}}],"line":130},"12":{"loc":{"start":{"line":154,"column":17},"end":{"line":169,"column":17}},"type":"cond-expr","locations":[{"start":{"line":155,"column":18},"end":{"line":166,"column":20}},{"start":{"line":168,"column":18},"end":{"line":168,"column":70}}],"line":154},"13":{"loc":{"start":{"line":189,"column":15},"end":{"line":189,"column":60}},"type":"cond-expr","locations":[{"start":{"line":189,"column":25},"end":{"line":189,"column":38}},{"start":{"line":189,"column":41},"end":{"line":189,"column":60}}],"line":189}},"s":{"0":0,"1":0,"2":0,"3":0,"4":0,"5":0,"6":0,"7":0,"8":0,"9":0,"10":0,"11":0,"12":0,"13":0,"14":0,"15":0,"16":0,"17":0,"18":0,"19":0,"20":0,"21":0,"22":0,"23":0,"24":0,"25":0,"26":0,"27":0,"28":0,"29":0,"30":0,"31":0,"32":0,"33":0,"34":0,"35":0,"36":0,"37":0,"38":0,"39":0,"40":0,"41":0,"42":0,"43":0,"44":0,"45":0,"46":0,"47":0,"48":0,"49":0,"50":0,"51":0,"52":0,"53":0},"f":{"0":0,"1":0,"2":0,"3":0,"4":0,"5":0,"6":0,"7":0,"8":0,"9":0,"10":0,"11":0},"b":{"0":[0,0],"1":[0,0],"2":[0,0],"3":[0,0],"4":[0,0],"5":[0,0],"6":[0,0],"7":[0,0],"8":[0,0],"9":[0,0],"10":[0,0],"11":[0,0],"12":[0,0],"13":[0,0]}}
,"/home/dxmar/CSCE_CorseWork/CSCE_482/Collections/src/components/AddImageForm.js": {"path":"/home/dxmar/CSCE_CorseWork/CSCE_482/Collections/src/components/AddImageForm.js","statementMap":{"0":{"start":{"line":8,"column":21},"end":{"line":432,"column":1}},"1":{"start":{"line":9,"column":30},"end":{"line":9,"column":44}},"2":{"start":{"line":10,"column":28},"end":{"line":10,"column":40}},"3":{"start":{"line":11,"column":38},"end":{"line":13,"column":3}},"4":{"start":{"line":12,"column":27},"end":{"line":12,"column":56}},"5":{"start":{"line":14,"column":36},"end":{"line":14,"column":50}},"6":{"start":{"line":15,"column":32},"end":{"line":15,"column":47}},"7":{"start":{"line":16,"column":28},"end":{"line":16,"column":40}},"8":{"start":{"line":17,"column":32},"end":{"line":17,"column":46}},"9":{"start":{"line":19,"column":40},"end":{"line":19,"column":52}},"10":{"start":{"line":20,"column":36},"end":{"line":20,"column":48}},"11":{"start":{"line":21,"column":34},"end":{"line":21,"column":49}},"12":{"start":{"line":22,"column":26},"end":{"line":22,"column":38}},"13":{"start":{"line":23,"column":30},"end":{"line":23,"column":42}},"14":{"start":{"line":24,"column":38},"end":{"line":24,"column":53}},"15":{"start":{"line":25,"column":40},"end":{"line":25,"column":52}},"16":{"start":{"line":27,"column":31},"end":{"line":56,"column":3}},"17":{"start":{"line":28,"column":4},"end":{"line":55,"column":5}},"18":{"start":{"line":30,"column":22},"end":{"line":30,"column":102}},"19":{"start":{"line":33,"column":24},"end":{"line":37,"column":8}},"20":{"start":{"line":39,"column":6},"end":{"line":51,"column":7}},"21":{"start":{"line":41,"column":21},"end":{"line":41,"column":42}},"22":{"start":{"line":44,"column":8},"end":{"line":44,"column":36}},"23":{"start":{"line":45,"column":8},"end":{"line":45,"column":32}},"24":{"start":{"line":46,"column":8},"end":{"line":46,"column":22}},"25":{"start":{"line":48,"column":26},"end":{"line":48,"column":47}},"26":{"start":{"line":49,"column":8},"end":{"line":49,"column":60}},"27":{"start":{"line":50,"column":8},"end":{"line":50,"column":51}},"28":{"start":{"line":53,"column":6},"end":{"line":53,"column":61}},"29":{"start":{"line":54,"column":6},"end":{"line":54,"column":18}},"30":{"start":{"line":59,"column":27},"end":{"line":88,"column":1}},"31":{"start":{"line":60,"column":21},"end":{"line":60,"column":81}},"32":{"start":{"line":61,"column":20},"end":{"line":61,"column":53}},"33":{"start":{"line":64,"column":21},"end":{"line":74,"column":6}},"34":{"start":{"line":76,"column":17},"end":{"line":76,"column":38}},"35":{"start":{"line":78,"column":4},"end":{"line":78,"column":39}},"36":{"start":{"line":80,"column":4},"end":{"line":87,"column":5}},"37":{"start":{"line":81,"column":6},"end":{"line":81,"column":39}},"38":{"start":{"line":82,"column":6},"end":{"line":82,"column":35}},"39":{"start":{"line":83,"column":6},"end":{"line":83,"column":25}},"40":{"start":{"line":84,"column":6},"end":{"line":84,"column":63}},"41":{"start":{"line":84,"column":29},"end":{"line":84,"column":63}},"42":{"start":{"line":86,"column":6},"end":{"line":86,"column":45}},"43":{"start":{"line":94,"column":28},"end":{"line":106,"column":3}},"44":{"start":{"line":95,"column":17},"end":{"line":95,"column":34}},"45":{"start":{"line":96,"column":4},"end":{"line":105,"column":5}},"46":{"start":{"line":97,"column":6},"end":{"line":97,"column":25}},"47":{"start":{"line":100,"column":21},"end":{"line":100,"column":37}},"48":{"start":{"line":101,"column":6},"end":{"line":103,"column":8}},"49":{"start":{"line":102,"column":8},"end":{"line":102,"column":34}},"50":{"start":{"line":104,"column":6},"end":{"line":104,"column":33}},"51":{"start":{"line":109,"column":23},"end":{"line":121,"column":3}},"52":{"start":{"line":110,"column":4},"end":{"line":110,"column":31}},"53":{"start":{"line":110,"column":24},"end":{"line":110,"column":31}},"54":{"start":{"line":113,"column":4},"end":{"line":116,"column":5}},"55":{"start":{"line":114,"column":6},"end":{"line":114,"column":42}},"56":{"start":{"line":115,"column":6},"end":{"line":115,"column":13}},"57":{"start":{"line":118,"column":4},"end":{"line":118,"column":38}},"58":{"start":{"line":119,"column":4},"end":{"line":119,"column":18}},"59":{"start":{"line":120,"column":4},"end":{"line":120,"column":17}},"60":{"start":{"line":123,"column":26},"end":{"line":125,"column":3}},"61":{"start":{"line":124,"column":4},"end":{"line":124,"column":53}},"62":{"start":{"line":124,"column":31},"end":{"line":124,"column":50}},"63":{"start":{"line":127,"column":24},"end":{"line":132,"column":3}},"64":{"start":{"line":128,"column":4},"end":{"line":131,"column":5}},"65":{"start":{"line":129,"column":6},"end":{"line":129,"column":25}},"66":{"start":{"line":130,"column":6},"end":{"line":130,"column":21}},"67":{"start":{"line":134,"column":23},"end":{"line":235,"column":3}},"68":{"start":{"line":135,"column":4},"end":{"line":135,"column":23}},"69":{"start":{"line":137,"column":4},"end":{"line":140,"column":5}},"70":{"start":{"line":138,"column":6},"end":{"line":138,"column":36}},"71":{"start":{"line":139,"column":6},"end":{"line":139,"column":13}},"72":{"start":{"line":142,"column":4},"end":{"line":145,"column":5}},"73":{"start":{"line":143,"column":6},"end":{"line":143,"column":45}},"74":{"start":{"line":144,"column":6},"end":{"line":144,"column":13}},"75":{"start":{"line":147,"column":4},"end":{"line":150,"column":5}},"76":{"start":{"line":148,"column":6},"end":{"line":148,"column":51}},"77":{"start":{"line":149,"column":6},"end":{"line":149,"column":13}},"78":{"start":{"line":152,"column":4},"end":{"line":234,"column":5}},"79":{"start":{"line":153,"column":6},"end":{"line":153,"column":23}},"80":{"start":{"line":154,"column":6},"end":{"line":154,"column":19}},"81":{"start":{"line":156,"column":6},"end":{"line":156,"column":43}},"82":{"start":{"line":157,"column":6},"end":{"line":157,"column":37}},"83":{"start":{"line":158,"column":6},"end":{"line":158,"column":48}},"84":{"start":{"line":159,"column":6},"end":{"line":159,"column":96}},"85":{"start":{"line":162,"column":30},"end":{"line":162,"column":97}},"86":{"start":{"line":163,"column":6},"end":{"line":167,"column":7}},"87":{"start":{"line":164,"column":8},"end":{"line":164,"column":97}},"88":{"start":{"line":165,"column":8},"end":{"line":165,"column":26}},"89":{"start":{"line":166,"column":8},"end":{"line":166,"column":15}},"90":{"start":{"line":169,"column":6},"end":{"line":173,"column":7}},"91":{"start":{"line":170,"column":8},"end":{"line":170,"column":61}},"92":{"start":{"line":171,"column":8},"end":{"line":171,"column":26}},"93":{"start":{"line":172,"column":8},"end":{"line":172,"column":15}},"94":{"start":{"line":175,"column":23},"end":{"line":175,"column":37}},"95":{"start":{"line":176,"column":6},"end":{"line":176,"column":38}},"96":{"start":{"line":177,"column":6},"end":{"line":177,"column":46}},"97":{"start":{"line":178,"column":6},"end":{"line":178,"column":41}},"98":{"start":{"line":181,"column":6},"end":{"line":183,"column":7}},"99":{"start":{"line":182,"column":8},"end":{"line":182,"column":52}},"100":{"start":{"line":185,"column":6},"end":{"line":187,"column":7}},"101":{"start":{"line":186,"column":8},"end":{"line":186,"column":48}},"102":{"start":{"line":189,"column":6},"end":{"line":191,"column":7}},"103":{"start":{"line":190,"column":8},"end":{"line":190,"column":54}},"104":{"start":{"line":193,"column":6},"end":{"line":198,"column":7}},"105":{"start":{"line":194,"column":8},"end":{"line":194,"column":45}},"106":{"start":{"line":195,"column":8},"end":{"line":197,"column":9}},"107":{"start":{"line":196,"column":10},"end":{"line":196,"column":55}},"108":{"start":{"line":201,"column":6},"end":{"line":201,"column":38}},"109":{"start":{"line":202,"column":6},"end":{"line":202,"column":59}},"110":{"start":{"line":203,"column":6},"end":{"line":203,"column":65}},"111":{"start":{"line":204,"column":6},"end":{"line":206,"column":59}},"112":{"start":{"line":208,"column":23},"end":{"line":208,"column":50}},"113":{"start":{"line":209,"column":6},"end":{"line":209,"column":50}},"114":{"start":{"line":212,"column":6},"end":{"line":212,"column":19}},"115":{"start":{"line":213,"column":6},"end":{"line":213,"column":24}},"116":{"start":{"line":216,"column":6},"end":{"line":218,"column":14}},"117":{"start":{"line":217,"column":8},"end":{"line":217,"column":20}},"118":{"start":{"line":220,"column":25},"end":{"line":220,"column":56}},"119":{"start":{"line":223,"column":6},"end":{"line":229,"column":7}},"120":{"start":{"line":224,"column":8},"end":{"line":224,"column":92}},"121":{"start":{"line":225,"column":13},"end":{"line":229,"column":7}},"122":{"start":{"line":226,"column":8},"end":{"line":226,"column":77}},"123":{"start":{"line":227,"column":13},"end":{"line":229,"column":7}},"124":{"start":{"line":228,"column":8},"end":{"line":228,"column":84}},"125":{"start":{"line":231,"column":6},"end":{"line":231,"column":29}},"126":{"start":{"line":232,"column":6},"end":{"line":232,"column":42}},"127":{"start":{"line":233,"column":6},"end":{"line":233,"column":24}},"128":{"start":{"line":237,"column":2},"end":{"line":431,"column":4}},"129":{"start":{"line":251,"column":31},"end":{"line":251,"column":55}},"130":{"start":{"line":262,"column":31},"end":{"line":262,"column":60}},"131":{"start":{"line":267,"column":16},"end":{"line":269,"column":25}},"132":{"start":{"line":304,"column":31},"end":{"line":304,"column":61}},"133":{"start":{"line":316,"column":31},"end":{"line":316,"column":59}},"134":{"start":{"line":328,"column":32},"end":{"line":328,"column":54}},"135":{"start":{"line":339,"column":33},"end":{"line":339,"column":64}},"136":{"start":{"line":352,"column":33},"end":{"line":352,"column":63}},"137":{"start":{"line":367,"column":37},"end":{"line":367,"column":62}},"138":{"start":{"line":384,"column":20},"end":{"line":393,"column":26}},"139":{"start":{"line":389,"column":39},"end":{"line":389,"column":59}}},"fnMap":{"0":{"name":"(anonymous_0)","decl":{"start":{"line":8,"column":21},"end":{"line":8,"column":22}},"loc":{"start":{"line":8,"column":79},"end":{"line":432,"column":1}},"line":8},"1":{"name":"(anonymous_1)","decl":{"start":{"line":12,"column":20},"end":{"line":12,"column":21}},"loc":{"start":{"line":12,"column":27},"end":{"line":12,"column":56}},"line":12},"2":{"name":"(anonymous_2)","decl":{"start":{"line":27,"column":31},"end":{"line":27,"column":32}},"loc":{"start":{"line":27,"column":60},"end":{"line":56,"column":3}},"line":27},"3":{"name":"(anonymous_3)","decl":{"start":{"line":59,"column":27},"end":{"line":59,"column":28}},"loc":{"start":{"line":59,"column":39},"end":{"line":88,"column":1}},"line":59},"4":{"name":"(anonymous_4)","decl":{"start":{"line":94,"column":28},"end":{"line":94,"column":29}},"loc":{"start":{"line":94,"column":35},"end":{"line":106,"column":3}},"line":94},"5":{"name":"(anonymous_5)","decl":{"start":{"line":101,"column":25},"end":{"line":101,"column":26}},"loc":{"start":{"line":101,"column":31},"end":{"line":103,"column":7}},"line":101},"6":{"name":"(anonymous_6)","decl":{"start":{"line":109,"column":23},"end":{"line":109,"column":24}},"loc":{"start":{"line":109,"column":29},"end":{"line":121,"column":3}},"line":109},"7":{"name":"(anonymous_7)","decl":{"start":{"line":123,"column":26},"end":{"line":123,"column":27}},"loc":{"start":{"line":123,"column":43},"end":{"line":125,"column":3}},"line":123},"8":{"name":"(anonymous_8)","decl":{"start":{"line":124,"column":24},"end":{"line":124,"column":25}},"loc":{"start":{"line":124,"column":31},"end":{"line":124,"column":50}},"line":124},"9":{"name":"(anonymous_9)","decl":{"start":{"line":127,"column":24},"end":{"line":127,"column":25}},"loc":{"start":{"line":127,"column":31},"end":{"line":132,"column":3}},"line":127},"10":{"name":"(anonymous_10)","decl":{"start":{"line":134,"column":23},"end":{"line":134,"column":24}},"loc":{"start":{"line":134,"column":36},"end":{"line":235,"column":3}},"line":134},"11":{"name":"(anonymous_11)","decl":{"start":{"line":216,"column":17},"end":{"line":216,"column":18}},"loc":{"start":{"line":216,"column":23},"end":{"line":218,"column":7}},"line":216},"12":{"name":"(anonymous_12)","decl":{"start":{"line":251,"column":24},"end":{"line":251,"column":25}},"loc":{"start":{"line":251,"column":31},"end":{"line":251,"column":55}},"line":251},"13":{"name":"(anonymous_13)","decl":{"start":{"line":262,"column":24},"end":{"line":262,"column":25}},"loc":{"start":{"line":262,"column":31},"end":{"line":262,"column":60}},"line":262},"14":{"name":"(anonymous_14)","decl":{"start":{"line":266,"column":30},"end":{"line":266,"column":31}},"loc":{"start":{"line":267,"column":16},"end":{"line":269,"column":25}},"line":267},"15":{"name":"(anonymous_15)","decl":{"start":{"line":304,"column":24},"end":{"line":304,"column":25}},"loc":{"start":{"line":304,"column":31},"end":{"line":304,"column":61}},"line":304},"16":{"name":"(anonymous_16)","decl":{"start":{"line":316,"column":24},"end":{"line":316,"column":25}},"loc":{"start":{"line":316,"column":31},"end":{"line":316,"column":59}},"line":316},"17":{"name":"(anonymous_17)","decl":{"start":{"line":328,"column":26},"end":{"line":328,"column":27}},"loc":{"start":{"line":328,"column":32},"end":{"line":328,"column":54}},"line":328},"18":{"name":"(anonymous_18)","decl":{"start":{"line":339,"column":26},"end":{"line":339,"column":27}},"loc":{"start":{"line":339,"column":33},"end":{"line":339,"column":64}},"line":339},"19":{"name":"(anonymous_19)","decl":{"start":{"line":352,"column":26},"end":{"line":352,"column":27}},"loc":{"start":{"line":352,"column":33},"end":{"line":352,"column":63}},"line":352},"20":{"name":"(anonymous_20)","decl":{"start":{"line":367,"column":30},"end":{"line":367,"column":31}},"loc":{"start":{"line":367,"column":37},"end":{"line":367,"column":62}},"line":367},"21":{"name":"(anonymous_21)","decl":{"start":{"line":383,"column":27},"end":{"line":383,"column":28}},"loc":{"start":{"line":384,"column":20},"end":{"line":393,"column":26}},"line":384},"22":{"name":"(anonymous_22)","decl":{"start":{"line":389,"column":33},"end":{"line":389,"column":34}},"loc":{"start":{"line":389,"column":39},"end":{"line":389,"column":59}},"line":389}},"branchMap":{"0":{"loc":{"start":{"line":12,"column":4},"end":{"line":12,"column":67}},"type":"binary-expr","locations":[{"start":{"line":12,"column":4},"end":{"line":12,"column":61}},{"start":{"line":12,"column":65},"end":{"line":12,"column":67}}],"line":12},"1":{"loc":{"start":{"line":30,"column":22},"end":{"line":30,"column":102}},"type":"binary-expr","locations":[{"start":{"line":30,"column":22},"end":{"line":30,"column":51}},{"start":{"line":30,"column":55},"end":{"line":30,"column":102}}],"line":30},"2":{"loc":{"start":{"line":39,"column":6},"end":{"line":51,"column":7}},"type":"if","locations":[{"start":{"line":39,"column":6},"end":{"line":51,"column":7}},{"start":{"line":47,"column":13},"end":{"line":51,"column":7}}],"line":39},"3":{"loc":{"start":{"line":60,"column":21},"end":{"line":60,"column":81}},"type":"binary-expr","locations":[{"start":{"line":60,"column":21},"end":{"line":60,"column":50}},{"start":{"line":60,"column":54},"end":{"line":60,"column":81}}],"line":60},"4":{"loc":{"start":{"line":80,"column":4},"end":{"line":87,"column":5}},"type":"if","locations":[{"start":{"line":80,"column":4},"end":{"line":87,"column":5}},{"start":{"line":85,"column":11},"end":{"line":87,"column":5}}],"line":80},"5":{"loc":{"start":{"line":84,"column":6},"end":{"line":84,"column":63}},"type":"if","locations":[{"start":{"line":84,"column":6},"end":{"line":84,"column":63}},{"start":{},"end":{}}],"line":84},"6":{"loc":{"start":{"line":96,"column":4},"end":{"line":105,"column":5}},"type":"if","locations":[{"start":{"line":96,"column":4},"end":{"line":105,"column":5}},{"start":{},"end":{}}],"line":96},"7":{"loc":{"start":{"line":110,"column":4},"end":{"line":110,"column":31}},"type":"if","locations":[{"start":{"line":110,"column":4},"end":{"line":110,"column":31}},{"start":{},"end":{}}],"line":110},"8":{"loc":{"start":{"line":113,"column":4},"end":{"line":116,"column":5}},"type":"if","locations":[{"start":{"line":113,"column":4},"end":{"line":116,"column":5}},{"start":{},"end":{}}],"line":113},"9":{"loc":{"start":{"line":128,"column":4},"end":{"line":131,"column":5}},"type":"if","locations":[{"start":{"line":128,"column":4},"end":{"line":131,"column":5}},{"start":{},"end":{}}],"line":128},"10":{"loc":{"start":{"line":128,"column":8},"end":{"line":128,"column":37}},"type":"binary-expr","locations":[{"start":{"line":128,"column":8},"end":{"line":128,"column":25}},{"start":{"line":128,"column":29},"end":{"line":128,"column":37}}],"line":128},"11":{"loc":{"start":{"line":137,"column":4},"end":{"line":140,"column":5}},"type":"if","locations":[{"start":{"line":137,"column":4},"end":{"line":140,"column":5}},{"start":{},"end":{}}],"line":137},"12":{"loc":{"start":{"line":142,"column":4},"end":{"line":145,"column":5}},"type":"if","locations":[{"start":{"line":142,"column":4},"end":{"line":145,"column":5}},{"start":{},"end":{}}],"line":142},"13":{"loc":{"start":{"line":147,"column":4},"end":{"line":150,"column":5}},"type":"if","locations":[{"start":{"line":147,"column":4},"end":{"line":150,"column":5}},{"start":{},"end":{}}],"line":147},"14":{"loc":{"start":{"line":163,"column":6},"end":{"line":167,"column":7}},"type":"if","locations":[{"start":{"line":163,"column":6},"end":{"line":167,"column":7}},{"start":{},"end":{}}],"line":163},"15":{"loc":{"start":{"line":169,"column":6},"end":{"line":173,"column":7}},"type":"if","locations":[{"start":{"line":169,"column":6},"end":{"line":173,"column":7}},{"start":{},"end":{}}],"line":169},"16":{"loc":{"start":{"line":181,"column":6},"end":{"line":183,"column":7}},"type":"if","locations":[{"start":{"line":181,"column":6},"end":{"line":183,"column":7}},{"start":{},"end":{}}],"line":181},"17":{"loc":{"start":{"line":185,"column":6},"end":{"line":187,"column":7}},"type":"if","locations":[{"start":{"line":185,"column":6},"end":{"line":187,"column":7}},{"start":{},"end":{}}],"line":185},"18":{"loc":{"start":{"line":189,"column":6},"end":{"line":191,"column":7}},"type":"if","locations":[{"start":{"line":189,"column":6},"end":{"line":191,"column":7}},{"start":{},"end":{}}],"line":189},"19":{"loc":{"start":{"line":189,"column":10},"end":{"line":189,"column":37}},"type":"binary-expr","locations":[{"start":{"line":189,"column":10},"end":{"line":189,"column":18}},{"start":{"line":189,"column":22},"end":{"line":189,"column":37}}],"line":189},"20":{"loc":{"start":{"line":193,"column":6},"end":{"line":198,"column":7}},"type":"if","locations":[{"start":{"line":193,"column":6},"end":{"line":198,"column":7}},{"start":{},"end":{}}],"line":193},"21":{"loc":{"start":{"line":195,"column":8},"end":{"line":197,"column":9}},"type":"if","locations":[{"start":{"line":195,"column":8},"end":{"line":197,"column":9}},{"start":{},"end":{}}],"line":195},"22":{"loc":{"start":{"line":223,"column":6},"end":{"line":229,"column":7}},"type":"if","locations":[{"start":{"line":223,"column":6},"end":{"line":229,"column":7}},{"start":{"line":225,"column":13},"end":{"line":229,"column":7}}],"line":223},"23":{"loc":{"start":{"line":225,"column":13},"end":{"line":229,"column":7}},"type":"if","locations":[{"start":{"line":225,"column":13},"end":{"line":229,"column":7}},{"start":{"line":227,"column":13},"end":{"line":229,"column":7}}],"line":225},"24":{"loc":{"start":{"line":227,"column":13},"end":{"line":229,"column":7}},"type":"if","locations":[{"start":{"line":227,"column":13},"end":{"line":229,"column":7}},{"start":{},"end":{}}],"line":227},"25":{"loc":{"start":{"line":242,"column":9},"end":{"line":242,"column":62}},"type":"binary-expr","locations":[{"start":{"line":242,"column":9},"end":{"line":242,"column":14}},{"start":{"line":242,"column":18},"end":{"line":242,"column":62}}],"line":242},"26":{"loc":{"start":{"line":292,"column":24},"end":{"line":292,"column":45}},"type":"binary-expr","locations":[{"start":{"line":292,"column":24},"end":{"line":292,"column":30}},{"start":{"line":292,"column":34},"end":{"line":292,"column":45}}],"line":292},"27":{"loc":{"start":{"line":345,"column":11},"end":{"line":356,"column":11}},"type":"binary-expr","locations":[{"start":{"line":345,"column":11},"end":{"line":345,"column":21}},{"start":{"line":346,"column":12},"end":{"line":355,"column":18}}],"line":345},"28":{"loc":{"start":{"line":358,"column":11},"end":{"line":400,"column":11}},"type":"binary-expr","locations":[{"start":{"line":358,"column":11},"end":{"line":358,"column":19}},{"start":{"line":359,"column":12},"end":{"line":399,"column":15}}],"line":358},"29":{"loc":{"start":{"line":382,"column":17},"end":{"line":397,"column":17}},"type":"cond-expr","locations":[{"start":{"line":383,"column":18},"end":{"line":394,"column":20}},{"start":{"line":396,"column":18},"end":{"line":396,"column":70}}],"line":382},"30":{"loc":{"start":{"line":403,"column":11},"end":{"line":408,"column":11}},"type":"binary-expr","locations":[{"start":{"line":403,"column":11},"end":{"line":403,"column":18}},{"start":{"line":404,"column":12},"end":{"line":407,"column":18}}],"line":403},"31":{"loc":{"start":{"line":425,"column":15},"end":{"line":425,"column":56}},"type":"cond-expr","locations":[{"start":{"line":425,"column":25},"end":{"line":425,"column":39}},{"start":{"line":425,"column":42},"end":{"line":425,"column":56}}],"line":425}},"s":{"0":0,"1":0,"2":0,"3":0,"4":0,"5":0,"6":0,"7":0,"8":0,"9":0,"10":0,"11":0,"12":0,"13":0,"14":0,"15":0,"16":0,"17":0,"18":0,"19":0,"20":0,"21":0,"22":0,"23":0,"24":0,"25":0,"26":0,"27":0,"28":0,"29":0,"30":0,"31":0,"32":0,"33":0,"34":0,"35":0,"36":0,"37":0,"38":0,"39":0,"40":0,"41":0,"42":0,"43":0,"44":0,"45":0,"46":0,"47":0,"48":0,"49":0,"50":0,"51":0,"52":0,"53":0,"54":0,"55":0,"56":0,"57":0,"58":0,"59":0,"60":0,"61":0,"62":0,"63":0,"64":0,"65":0,"66":0,"67":0,"68":0,"69":0,"70":0,"71":0,"72":0,"73":0,"74":0,"75":0,"76":0,"77":0,"78":0,"79":0,"80":0,"81":0,"82":0,"83":0,"84":0,"85":0,"86":0,"87":0,"88":0,"89":0,"90":0,"91":0,"92":0,"93":0,"94":0,"95":0,"96":0,"97":0,"98":0,"99":0,"100":0,"101":0,"102":0,"103":0,"104":0,"105":0,"106":0,"107":0,"108":0,"109":0,"110":0,"111":0,"112":0,"113":0,"114":0,"115":0,"116":0,"117":0,"118":0,"119":0,"120":0,"121":0,"122":0,"123":0,"124":0,"125":0,"126":0,"127":0,"128":0,"129":0,"130":0,"131":0,"132":0,"133":0,"134":0,"135":0,"136":0,"137":0,"138":0,"139":0},"f":{"0":0,"1":0,"2":0,"3":0,"4":0,"5":0,"6":0,"7":0,"8":0,"9":0,"10":0,"11":0,"12":0,"13":0,"14":0,"15":0,"16":0,"17":0,"18":0,"19":0,"20":0,"21":0,"22":0},"b":{"0":[0,0],"1":[0,0],"2":[0,0],"3":[0,0],"4":[0,0],"5":[0,0],"6":[0,0],"7":[0,0],"8":[0,0],"9":[0,0],"10":[0,0],"11":[0,0],"12":[0,0],"13":[0,0],"14":[0,0],"15":[0,0],"16":[0,0],"17":[0,0],"18":[0,0],"19":[0,0],"20":[0,0],"21":[0,0],"22":[0,0],"23":[0,0],"24":[0,0],"25":[0,0],"26":[0,0],"27":[0,0],"28":[0,0],"29":[0,0],"30":[0,0],"31":[0,0]}}
,"/home/dxmar/CSCE_CorseWork/CSCE_482/Collections/src/components/AuthUserProfile.js": {"path":"/home/dxmar/CSCE_CorseWork/CSCE_482/Collections/src/components/AuthUserProfile.js","statementMap":{"0":{"start":{"line":10,"column":24},"end":{"line":179,"column":1}},"1":{"start":{"line":11,"column":19},"end":{"line":11,"column":28}},"2":{"start":{"line":12,"column":19},"end":{"line":12,"column":32}},"3":{"start":{"line":13,"column":32},"end":{"line":13,"column":46}},"4":{"start":{"line":14,"column":38},"end":{"line":14,"column":50}},"5":{"start":{"line":15,"column":50},"end":{"line":15,"column":62}},"6":{"start":{"line":16,"column":58},"end":{"line":16,"column":72}},"7":{"start":{"line":17,"column":32},"end":{"line":17,"column":46}},"8":{"start":{"line":18,"column":54},"end":{"line":18,"column":69}},"9":{"start":{"line":19,"column":54},"end":{"line":19,"column":69}},"10":{"start":{"line":20,"column":42},"end":{"line":24,"column":4}},"11":{"start":{"line":26,"column":2},"end":{"line":56,"column":20}},"12":{"start":{"line":27,"column":4},"end":{"line":27,"column":53}},"13":{"start":{"line":27,"column":46},"end":{"line":27,"column":53}},"14":{"start":{"line":29,"column":24},"end":{"line":53,"column":5}},"15":{"start":{"line":30,"column":8},"end":{"line":52,"column":9}},"16":{"start":{"line":31,"column":12},"end":{"line":31,"column":29}},"17":{"start":{"line":33,"column":32},"end":{"line":33,"column":77}},"18":{"start":{"line":34,"column":12},"end":{"line":34,"column":36}},"19":{"start":{"line":36,"column":33},"end":{"line":36,"column":56}},"20":{"start":{"line":37,"column":12},"end":{"line":37,"column":40}},"21":{"start":{"line":39,"column":12},"end":{"line":42,"column":13}},"22":{"start":{"line":40,"column":16},"end":{"line":40,"column":58}},"23":{"start":{"line":41,"column":16},"end":{"line":41,"column":57}},"24":{"start":{"line":45,"column":33},"end":{"line":45,"column":81}},"25":{"start":{"line":46,"column":12},"end":{"line":46,"column":42}},"26":{"start":{"line":49,"column":12},"end":{"line":49,"column":58}},"27":{"start":{"line":51,"column":12},"end":{"line":51,"column":30}},"28":{"start":{"line":55,"column":4},"end":{"line":55,"column":18}},"29":{"start":{"line":58,"column":31},"end":{"line":64,"column":3}},"30":{"start":{"line":59,"column":4},"end":{"line":59,"column":38}},"31":{"start":{"line":60,"column":21},"end":{"line":60,"column":72}},"32":{"start":{"line":60,"column":46},"end":{"line":60,"column":71}},"33":{"start":{"line":61,"column":4},"end":{"line":63,"column":5}},"34":{"start":{"line":62,"column":6},"end":{"line":62,"column":40}},"35":{"start":{"line":66,"column":21},"end":{"line":68,"column":3}},"36":{"start":{"line":67,"column":4},"end":{"line":67,"column":17}},"37":{"start":{"line":70,"column":2},"end":{"line":72,"column":3}},"38":{"start":{"line":71,"column":4},"end":{"line":71,"column":66}},"39":{"start":{"line":74,"column":2},"end":{"line":76,"column":3}},"40":{"start":{"line":75,"column":4},"end":{"line":75,"column":81}},"41":{"start":{"line":78,"column":2},"end":{"line":178,"column":4}},"42":{"start":{"line":102,"column":57},"end":{"line":102,"column":84}},"43":{"start":{"line":105,"column":57},"end":{"line":105,"column":84}},"44":{"start":{"line":129,"column":35},"end":{"line":129,"column":61}},"45":{"start":{"line":166,"column":25},"end":{"line":166,"column":53}},"46":{"start":{"line":174,"column":25},"end":{"line":174,"column":53}}},"fnMap":{"0":{"name":"(anonymous_0)","decl":{"start":{"line":10,"column":24},"end":{"line":10,"column":25}},"loc":{"start":{"line":10,"column":30},"end":{"line":179,"column":1}},"line":10},"1":{"name":"(anonymous_1)","decl":{"start":{"line":26,"column":12},"end":{"line":26,"column":13}},"loc":{"start":{"line":26,"column":18},"end":{"line":56,"column":1}},"line":26},"2":{"name":"(anonymous_2)","decl":{"start":{"line":29,"column":24},"end":{"line":29,"column":25}},"loc":{"start":{"line":29,"column":36},"end":{"line":53,"column":5}},"line":29},"3":{"name":"(anonymous_3)","decl":{"start":{"line":58,"column":31},"end":{"line":58,"column":32}},"loc":{"start":{"line":58,"column":49},"end":{"line":64,"column":3}},"line":58},"4":{"name":"(anonymous_4)","decl":{"start":{"line":60,"column":37},"end":{"line":60,"column":38}},"loc":{"start":{"line":60,"column":46},"end":{"line":60,"column":71}},"line":60},"5":{"name":"(anonymous_5)","decl":{"start":{"line":66,"column":21},"end":{"line":66,"column":22}},"loc":{"start":{"line":66,"column":27},"end":{"line":68,"column":3}},"line":66},"6":{"name":"(anonymous_6)","decl":{"start":{"line":102,"column":51},"end":{"line":102,"column":52}},"loc":{"start":{"line":102,"column":57},"end":{"line":102,"column":84}},"line":102},"7":{"name":"(anonymous_7)","decl":{"start":{"line":105,"column":51},"end":{"line":105,"column":52}},"loc":{"start":{"line":105,"column":57},"end":{"line":105,"column":84}},"line":105},"8":{"name":"(anonymous_8)","decl":{"start":{"line":129,"column":29},"end":{"line":129,"column":30}},"loc":{"start":{"line":129,"column":35},"end":{"line":129,"column":61}},"line":129},"9":{"name":"(anonymous_9)","decl":{"start":{"line":166,"column":19},"end":{"line":166,"column":20}},"loc":{"start":{"line":166,"column":25},"end":{"line":166,"column":53}},"line":166},"10":{"name":"(anonymous_10)","decl":{"start":{"line":174,"column":19},"end":{"line":174,"column":20}},"loc":{"start":{"line":174,"column":25},"end":{"line":174,"column":53}},"line":174}},"branchMap":{"0":{"loc":{"start":{"line":27,"column":4},"end":{"line":27,"column":53}},"type":"if","locations":[{"start":{"line":27,"column":4},"end":{"line":27,"column":53}},{"start":{},"end":{}}],"line":27},"1":{"loc":{"start":{"line":27,"column":8},"end":{"line":27,"column":44}},"type":"binary-expr","locations":[{"start":{"line":27,"column":8},"end":{"line":27,"column":13}},{"start":{"line":27,"column":18},"end":{"line":27,"column":31}},{"start":{"line":27,"column":35},"end":{"line":27,"column":43}}],"line":27},"2":{"loc":{"start":{"line":33,"column":53},"end":{"line":33,"column":76}},"type":"binary-expr","locations":[{"start":{"line":33,"column":53},"end":{"line":33,"column":65}},{"start":{"line":33,"column":69},"end":{"line":33,"column":76}}],"line":33},"3":{"loc":{"start":{"line":39,"column":12},"end":{"line":42,"column":13}},"type":"if","locations":[{"start":{"line":39,"column":12},"end":{"line":42,"column":13}},{"start":{},"end":{}}],"line":39},"4":{"loc":{"start":{"line":45,"column":57},"end":{"line":45,"column":80}},"type":"binary-expr","locations":[{"start":{"line":45,"column":57},"end":{"line":45,"column":69}},{"start":{"line":45,"column":73},"end":{"line":45,"column":80}}],"line":45},"5":{"loc":{"start":{"line":61,"column":4},"end":{"line":63,"column":5}},"type":"if","locations":[{"start":{"line":61,"column":4},"end":{"line":63,"column":5}},{"start":{},"end":{}}],"line":61},"6":{"loc":{"start":{"line":70,"column":2},"end":{"line":72,"column":3}},"type":"if","locations":[{"start":{"line":70,"column":2},"end":{"line":72,"column":3}},{"start":{},"end":{}}],"line":70},"7":{"loc":{"start":{"line":74,"column":2},"end":{"line":76,"column":3}},"type":"if","locations":[{"start":{"line":74,"column":2},"end":{"line":76,"column":3}},{"start":{},"end":{}}],"line":74},"8":{"loc":{"start":{"line":86,"column":11},"end":{"line":94,"column":11}},"type":"binary-expr","locations":[{"start":{"line":86,"column":11},"end":{"line":86,"column":38}},{"start":{"line":87,"column":12},"end":{"line":93,"column":18}}],"line":86},"9":{"loc":{"start":{"line":96,"column":15},"end":{"line":96,"column":83}},"type":"binary-expr","locations":[{"start":{"line":96,"column":15},"end":{"line":96,"column":35}},{"start":{"line":96,"column":39},"end":{"line":96,"column":83}}],"line":96},"10":{"loc":{"start":{"line":99,"column":11},"end":{"line":99,"column":67}},"type":"binary-expr","locations":[{"start":{"line":99,"column":11},"end":{"line":99,"column":22}},{"start":{"line":99,"column":26},"end":{"line":99,"column":67}}],"line":99},"11":{"loc":{"start":{"line":103,"column":23},"end":{"line":103,"column":50}},"type":"binary-expr","locations":[{"start":{"line":103,"column":23},"end":{"line":103,"column":45}},{"start":{"line":103,"column":49},"end":{"line":103,"column":50}}],"line":103},"12":{"loc":{"start":{"line":106,"column":23},"end":{"line":106,"column":51}},"type":"binary-expr","locations":[{"start":{"line":106,"column":23},"end":{"line":106,"column":46}},{"start":{"line":106,"column":50},"end":{"line":106,"column":51}}],"line":106},"13":{"loc":{"start":{"line":114,"column":15},"end":{"line":116,"column":40}},"type":"cond-expr","locations":[{"start":{"line":115,"column":18},"end":{"line":115,"column":48}},{"start":{"line":116,"column":18},"end":{"line":116,"column":40}}],"line":114},"14":{"loc":{"start":{"line":119,"column":53},"end":{"line":119,"column":107}},"type":"binary-expr","locations":[{"start":{"line":119,"column":53},"end":{"line":119,"column":82}},{"start":{"line":119,"column":86},"end":{"line":119,"column":107}}],"line":119},"15":{"loc":{"start":{"line":122,"column":47},"end":{"line":122,"column":89}},"type":"binary-expr","locations":[{"start":{"line":122,"column":47},"end":{"line":122,"column":70}},{"start":{"line":122,"column":74},"end":{"line":122,"column":89}}],"line":122},"16":{"loc":{"start":{"line":142,"column":7},"end":{"line":160,"column":7}},"type":"cond-expr","locations":[{"start":{"line":143,"column":8},"end":{"line":145,"column":14}},{"start":{"line":147,"column":8},"end":{"line":159,"column":11}}],"line":142},"17":{"loc":{"start":{"line":156,"column":20},"end":{"line":156,"column":54}},"type":"binary-expr","locations":[{"start":{"line":156,"column":20},"end":{"line":156,"column":48}},{"start":{"line":156,"column":52},"end":{"line":156,"column":54}}],"line":156},"18":{"loc":{"start":{"line":163,"column":7},"end":{"line":168,"column":7}},"type":"binary-expr","locations":[{"start":{"line":163,"column":7},"end":{"line":163,"column":25}},{"start":{"line":164,"column":8},"end":{"line":167,"column":10}}],"line":163},"19":{"loc":{"start":{"line":171,"column":7},"end":{"line":176,"column":7}},"type":"binary-expr","locations":[{"start":{"line":171,"column":7},"end":{"line":171,"column":25}},{"start":{"line":172,"column":8},"end":{"line":175,"column":10}}],"line":171}},"s":{"0":0,"1":0,"2":0,"3":0,"4":0,"5":0,"6":0,"7":0,"8":0,"9":0,"10":0,"11":0,"12":0,"13":0,"14":0,"15":0,"16":0,"17":0,"18":0,"19":0,"20":0,"21":0,"22":0,"23":0,"24":0,"25":0,"26":0,"27":0,"28":0,"29":0,"30":0,"31":0,"32":0,"33":0,"34":0,"35":0,"36":0,"37":0,"38":0,"39":0,"40":0,"41":0,"42":0,"43":0,"44":0,"45":0,"46":0},"f":{"0":0,"1":0,"2":0,"3":0,"4":0,"5":0,"6":0,"7":0,"8":0,"9":0,"10":0},"b":{"0":[0,0],"1":[0,0,0],"2":[0,0],"3":[0,0],"4":[0,0],"5":[0,0],"6":[0,0],"7":[0,0],"8":[0,0],"9":[0,0],"10":[0,0],"11":[0,0],"12":[0,0],"13":[0,0],"14":[0,0],"15":[0,0],"16":[0,0],"17":[0,0],"18":[0,0],"19":[0,0]}}
,"/home/dxmar/CSCE_CorseWork/CSCE_482/Collections/src/components/CategoryList.js": {"path":"/home/dxmar/CSCE_CorseWork/CSCE_482/Collections/src/components/CategoryList.js","statementMap":{"0":{"start":{"line":8,"column":21},"end":{"line":218,"column":1}},"1":{"start":{"line":9,"column":46},"end":{"line":9,"column":60}},"2":{"start":{"line":10,"column":62},"end":{"line":10,"column":77}},"3":{"start":{"line":11,"column":50},"end":{"line":11,"column":64}},"4":{"start":{"line":12,"column":38},"end":{"line":12,"column":53}},"5":{"start":{"line":13,"column":58},"end":{"line":13,"column":73}},"6":{"start":{"line":15,"column":42},"end":{"line":15,"column":57}},"7":{"start":{"line":16,"column":54},"end":{"line":16,"column":68}},"8":{"start":{"line":18,"column":2},"end":{"line":24,"column":3}},"9":{"start":{"line":19,"column":4},"end":{"line":23,"column":6}},"10":{"start":{"line":26,"column":29},"end":{"line":31,"column":3}},"11":{"start":{"line":27,"column":4},"end":{"line":27,"column":25}},"12":{"start":{"line":27,"column":18},"end":{"line":27,"column":25}},"13":{"start":{"line":29,"column":4},"end":{"line":29,"column":24}},"14":{"start":{"line":30,"column":4},"end":{"line":30,"column":73}},"15":{"start":{"line":33,"column":28},"end":{"line":40,"column":3}},"16":{"start":{"line":34,"column":4},"end":{"line":34,"column":25}},"17":{"start":{"line":34,"column":18},"end":{"line":34,"column":25}},"18":{"start":{"line":36,"column":4},"end":{"line":36,"column":24}},"19":{"start":{"line":37,"column":4},"end":{"line":37,"column":28}},"20":{"start":{"line":38,"column":4},"end":{"line":38,"column":34}},"21":{"start":{"line":39,"column":4},"end":{"line":39,"column":36}},"22":{"start":{"line":43,"column":30},"end":{"line":50,"column":3}},"23":{"start":{"line":44,"column":4},"end":{"line":44,"column":25}},"24":{"start":{"line":44,"column":18},"end":{"line":44,"column":25}},"25":{"start":{"line":46,"column":4},"end":{"line":46,"column":24}},"26":{"start":{"line":47,"column":4},"end":{"line":47,"column":28}},"27":{"start":{"line":48,"column":4},"end":{"line":48,"column":36}},"28":{"start":{"line":49,"column":4},"end":{"line":49,"column":26}},"29":{"start":{"line":52,"column":28},"end":{"line":57,"column":3}},"30":{"start":{"line":53,"column":4},"end":{"line":53,"column":27}},"31":{"start":{"line":54,"column":4},"end":{"line":56,"column":5}},"32":{"start":{"line":55,"column":6},"end":{"line":55,"column":47}},"33":{"start":{"line":59,"column":30},"end":{"line":79,"column":3}},"34":{"start":{"line":60,"column":4},"end":{"line":60,"column":34}},"35":{"start":{"line":60,"column":27},"end":{"line":60,"column":34}},"36":{"start":{"line":62,"column":4},"end":{"line":78,"column":5}},"37":{"start":{"line":63,"column":6},"end":{"line":63,"column":26}},"38":{"start":{"line":64,"column":6},"end":{"line":64,"column":69}},"39":{"start":{"line":65,"column":6},"end":{"line":65,"column":48}},"40":{"start":{"line":66,"column":6},"end":{"line":66,"column":50}},"41":{"start":{"line":67,"column":6},"end":{"line":67,"column":27}},"42":{"start":{"line":68,"column":6},"end":{"line":68,"column":39}},"43":{"start":{"line":69,"column":6},"end":{"line":69,"column":32}},"44":{"start":{"line":70,"column":6},"end":{"line":72,"column":7}},"45":{"start":{"line":71,"column":8},"end":{"line":71,"column":47}},"46":{"start":{"line":74,"column":6},"end":{"line":74,"column":57}},"47":{"start":{"line":75,"column":6},"end":{"line":75,"column":27}},"48":{"start":{"line":77,"column":6},"end":{"line":77,"column":60}},"49":{"start":{"line":81,"column":29},"end":{"line":84,"column":3}},"50":{"start":{"line":82,"column":4},"end":{"line":82,"column":37}},"51":{"start":{"line":83,"column":4},"end":{"line":83,"column":30}},"52":{"start":{"line":87,"column":29},"end":{"line":91,"column":3}},"53":{"start":{"line":88,"column":4},"end":{"line":90,"column":5}},"54":{"start":{"line":89,"column":6},"end":{"line":89,"column":30}},"55":{"start":{"line":93,"column":33},"end":{"line":109,"column":3}},"56":{"start":{"line":94,"column":4},"end":{"line":94,"column":24}},"57":{"start":{"line":95,"column":4},"end":{"line":95,"column":28}},"58":{"start":{"line":97,"column":4},"end":{"line":108,"column":5}},"59":{"start":{"line":98,"column":6},"end":{"line":98,"column":36}},"60":{"start":{"line":99,"column":6},"end":{"line":99,"column":50}},"61":{"start":{"line":100,"column":6},"end":{"line":102,"column":7}},"62":{"start":{"line":101,"column":8},"end":{"line":101,"column":39}},"63":{"start":{"line":103,"column":6},"end":{"line":103,"column":37}},"64":{"start":{"line":105,"column":6},"end":{"line":105,"column":59}},"65":{"start":{"line":106,"column":6},"end":{"line":106,"column":37}},"66":{"start":{"line":107,"column":6},"end":{"line":107,"column":73}},"67":{"start":{"line":111,"column":2},"end":{"line":217,"column":4}},"68":{"start":{"line":114,"column":8},"end":{"line":189,"column":21}},"69":{"start":{"line":117,"column":25},"end":{"line":117,"column":56}},"70":{"start":{"line":131,"column":14},"end":{"line":131,"column":65}},"71":{"start":{"line":132,"column":14},"end":{"line":132,"column":38}},"72":{"start":{"line":133,"column":14},"end":{"line":133,"column":56}},"73":{"start":{"line":142,"column":16},"end":{"line":142,"column":66}},"74":{"start":{"line":154,"column":30},"end":{"line":154,"column":64}},"75":{"start":{"line":170,"column":32},"end":{"line":170,"column":64}},"76":
[...]
,"/home/dxmar/CSCE_CorseWork/CSCE_482/Collections/src/services/auth.js": {"path":"/home/dxmar/CSCE_CorseWork/CSCE_482/Collections/src/services/auth.js","statementMap":{"0":{"start":{"line":2,"column":16},"end":{"line":2,"column":113}},"1":{"start":{"line":5,"column":31},"end":{"line":29,"column":1}},"2":{"start":{"line":6,"column":2},"end":{"line":28,"column":3}},"3":{"start":{"line":7,"column":4},"end":{"line":7,"column":89}},"4":{"start":{"line":8,"column":21},"end":{"line":15,"column":6}},"5":{"start":{"line":17,"column":4},"end":{"line":17,"column":53}},"6":{"start":{"line":18,"column":4},"end":{"line":22,"column":5}},"7":{"start":{"line":19,"column":24},"end":{"line":19,"column":45}},"8":{"start":{"line":20,"column":6},"end":{"line":20,"column":56}},"9":{"start":{"line":21,"column":6},"end":{"line":21,"column":58}},"10":{"start":{"line":24,"column":4},"end":{"line":24,"column":33}},"11":{"start":{"line":26,"column":4},"end":{"line":26,"column":41}},"12":{"start":{"line":27,"column":4},"end":{"line":27,"column":16}},"13":{"start":{"line":32,"column":29},"end":{"line":61,"column":1}},"14":{"start":{"line":33,"column":2},"end":{"line":60,"column":3}},"15":{"start":{"line":34,"column":4},"end":{"line":34,"column":25}},"16":{"start":{"line":36,"column":4},"end":{"line":36,"column":48}},"17":{"start":{"line":37,"column":21},"end":{"line":45,"column":6}},"18":{"start":{"line":47,"column":4},"end":{"line":47,"column":64}},"19":{"start":{"line":49,"column":4},"end":{"line":52,"column":5}},"20":{"start":{"line":50,"column":6},"end":{"line":50,"column":71}},"21":{"start":{"line":51,"column":6},"end":{"line":51,"column":41}},"22":{"start":{"line":54,"column":21},"end":{"line":54,"column":42}},"23":{"start":{"line":55,"column":4},"end":{"line":55,"column":48}},"24":{"start":{"line":56,"column":4},"end":{"line":56,"column":20}},"25":{"start":{"line":58,"column":4},"end":{"line":58,"column":46}},"26":{"start":{"line":59,"column":4},"end":{"line":59,"column":39}},"27":{"start":{"line":64,"column":22},"end":{"line":91,"column":1}},"28":{"start":{"line":65,"column":2},"end":{"line":90,"column":3}},"29":{"start":{"line":67,"column":4},"end":{"line":67,"column":25}},"30":{"start":{"line":69,"column":21},"end":{"line":78,"column":6}},"31":{"start":{"line":75,"column":23},"end":{"line":75,"column":51}},"32":{"start":{"line":80,"column":4},"end":{"line":84,"column":5}},"33":{"start":{"line":81,"column":24},"end":{"line":81,"column":45}},"34":{"start":{"line":82,"column":6},"end":{"line":82,"column":57}},"35":{"start":{"line":83,"column":6},"end":{"line":83,"column":59}},"36":{"start":{"line":86,"column":4},"end":{"line":86,"column":16}},"37":{"start":{"line":88,"column":4},"end":{"line":88,"column":42}},"38":{"start":{"line":89,"column":4},"end":{"line":89,"column":16}},"39":{"start":{"line":94,"column":21},"end":{"line":113,"column":1}},"40":{"start":{"line":95,"column":2},"end":{"line":112,"column":3}},"41":{"start":{"line":96,"column":21},"end":{"line":99,"column":6}},"42":{"start":{"line":101,"column":4},"end":{"line":104,"column":5}},"43":{"start":{"line":102,"column":6},"end":{"line":102,"column":66}},"44":{"start":{"line":103,"column":6},"end":{"line":103,"column":18}},"45":{"start":{"line":108,"column":4},"end":{"line":108,"column":16}},"46":{"start":{"line":110,"column":4},"end":{"line":110,"column":54}},"47":{"start":{"line":111,"column":4},"end":{"line":111,"column":16}},"48":{"start":{"line":115,"column":33},"end":{"line":148,"column":1}},"49":{"start":{"line":116,"column":2},"end":{"line":147,"column":3}},"50":{"start":{"line":118,"column":4},"end":{"line":118,"column":25}},"51":{"start":{"line":120,"column":21},"end":{"line":129,"column":6}},"52":{"start":{"line":126,"column":23},"end":{"line":126,"column":51}},"53":{"start":{"line":131,"column":4},"end":{"line":135,"column":5}},"54":{"start":{"line":132,"column":24},"end":{"line":132,"column":45}},"55":{"start":{"line":133,"column":6},"end":{"line":133,"column":65}},"56":{"start":{"line":134,"column":6},"end":{"line":134,"column":67}},"57":{"start":{"line":138,"column":4},"end":{"line":141,"column":7}},"58":{"start":{"line":139,"column":21},"end":{"line":139,"column":45}},"59":{"start":{"line":140,"column":6},"end":{"line":140,"column":83}},"60":{"start":{"line":143,"column":4},"end":{"line":143,"column":33}},"61":{"start":{"line":145,"column":4},"end":{"line":145,"column":50}},"62":{"start":{"line":146,"column":4},"end":{"line":146,"column":16}}},"fnMap":{"0":{"name":"(anonymous_0)","decl":{"start":{"line":5,"column":31},"end":{"line":5,"column":32}},"loc":{"start":{"line":5,"column":50},"end":{"line":29,"column":1}},"line":5},"1":{"name":"(anonymous_1)","decl":{"start":{"line":32,"column":29},"end":{"line":32,"column":30}},"loc":{"start":{"line":32,"column":41},"end":{"line":61,"column":1}},"line":32},"2":{"name":"(anonymous_2)","decl":{"start":{"line":64,"column":22},"end":{"line":64,"column":23}},"loc":{"start":{"line":64,"column":34},"end":{"line":91,"column":1}},"line":64},"3":{"name":"(anonymous_3)","decl":{"start":{"line":75,"column":16},"end":{"line":75,"column":17}},"loc":{"start":{"line":75,"column":23},"end":{"line":75,"column":51}},"line":75},"4":{"name":"(anonymous_4)","decl":{"start":{"line":94,"column":21},"end":{"line":94,"column":22}},"loc":{"start":{"line":94,"column":33},"end":{"line":113,"column":1}},"line":94},"5":{"name":"(anonymous_5)","decl":{"start":{"line":115,"column":33},"end":{"line":115,"column":34}},"loc":{"start":{"line":115,"column":45},"end":{"line":148,"column":1}},"line":115},"6":{"name":"(anonymous_6)","decl":{"start":{"line":126,"column":16},"end":{"line":126,"column":17}},"loc":{"start":{"line":126,"column":23},"end":{"line":126,"column":51}},"line":126},"7":{"name":"(anonymous_7)","decl":{"start":{"line":138,"column":39},"end":{"line":138,"column":40}},"loc":{"start":{"line":138,"column":49},"end":{"line":141,"column":5}},"line":138}},"branchMap":{"0":{"loc":{"start":{"line":2,"column":16},"end":{"line":2,"column":113}},"type":"binary-expr","locations":[{"start":{"line":2,"column":16},"end":{"line":2,"column":45}},{"start":{"line":2,"column":49},"end":{"line":2,"column":113}}],"line":2},"1":{"loc":{"start":{"line":18,"column":4},"end":{"line":22,"column":5}},"type":"if","locations":[{"start":{"line":18,"column":4},"end":{"line":22,"column":5}},{"start":{},"end":{}}],"line":18},"2":{"loc":{"start":{"line":49,"column":4},"end":{"line":52,"column":5}},"type":"if","locations":[{"start":{"line":49,"column":4},"end":{"line":52,"column":5}},{"start":{},"end":{}}],"line":49},"3":{"loc":{"start":{"line":74,"column":23},"end":{"line":76,"column":31}},"type":"binary-expr","locations":[{"start":{"line":74,"column":23},"end":{"line":76,"column":25}},{"start":{"line":76,"column":29},"end":{"line":76,"column":31}}],"line":74},"4":{"loc":{"start":{"line":80,"column":4},"end":{"line":84,"column":5}},"type":"if","locations":[{"start":{"line":80,"column":4},"end":{"line":84,"column":5}},{"start":{},"end":{}}],"line":80},"5":{"loc":{"start":{"line":101,"column":4},"end":{"line":104,"column":5}},"type":"if","locations":[{"start":{"line":101,"column":4},"end":{"line":104,"column":5}},{"start":{},"end":{}}],"line":101},"6":{"loc":{"start":{"line":125,"column":23},"end":{"line":127,"column":31}},"type":"binary-expr","locations":[{"start":{"line":125,"column":23},"end":{"line":127,"column":25}},{"start":{"line":127,"column":29},"end":{"line":127,"column":31}}],"line":125},"7":{"loc":{"start":{"line":131,"column":4},"end":{"line":135,"column":5}},"type":"if","locations":[{"start":{"line":131,"column":4},"end":{"line":135,"column":5}},{"start":{},"end":{}}],"line":131}},"s":{"0":1,"1":1,"2":0,"3":0,"4":0,"5":0,"6":0,"7":0,"8":0,"9":0,"10":0,"11":0,"12":0,"13":1,"14":0,"15":0,"16":0,"17":0,"18":0,"19":0,"20":0,"21":0,"22":0,"23":0,"24":0,"25":0,"26":0,"27":1,"28":0,"29":0,"30":0,"31":0,"32":0,"33":0,"34":0,"35":0,"36":0,"37":0,"38":0,"39":1,"40":0,"41":0,"42":0,"43":0,"44":0,"45":0,"46":0,"47":0,"48":1,"49":0,"50":0,"51":0,"52":0,"53":0,"54":0,"55":0,"56":0,"57":0,"58":0,"59":0,"60":0,"61":0,"62":0},"f":{"0":0,"1":0,"2":0,"3":0,"4":0,"5":0,"6":0,"7":0},"b":{"0":[1,0],"1":[0,0],"2":[0,0],"3":[0,0],"4":[0,0],"5":[0,0],"6":[0,0],"7":[0,0]},"_coverageSchema":"1a1c01bbd47fc00a2c39e90264f33305004495a9","hash":"86db46187bd86e8327842e0641836b8f64405c7d"}
,"/home/dxmar/CSCE_CorseWork/CSCE_482/Collections/src/services/google-auth.js": {"path":"/home/dxmar/CSCE_CorseWork/CSCE_482/Collections/src/services/google-auth.js","statementMap":{"0":{"start":{"line":4,"column":35},"end":{"line":43,"column":1}},"1":{"start":{"line":5,"column":2},"end":{"line":8,"column":3}},"2":{"start":{"line":6,"column":4},"end":{"line":6,"column":43}},"3":{"start":{"line":7,"column":4},"end":{"line":7,"column":11}},"4":{"start":{"line":10,"column":2},"end":{"line":10,"column":74}},"5":{"start":{"line":12,"column":2},"end":{"line":35,"column":5}},"6":{"start":{"line":15,"column":6},"end":{"line":30,"column":7}},"7":{"start":{"line":16,"column":8},"end":{"line":27,"column":9}},"8":{"start":{"line":17,"column":10},"end":{"line":17,"column":57}},"9":{"start":{"line":19,"column":27},"end":{"line":19,"column":69}},"10":{"start":{"line":20,"column":10},"end":{"line":20,"column":29}},"11":{"start":{"line":22,"column":10},"end":{"line":22,"column":53}},"12":{"start":{"line":23,"column":10},"end":{"line":26,"column":11}},"13":{"start":{"line":24,"column":12},"end":{"line":24,"column":65}},"14":{"start":{"line":25,"column":12},"end":{"line":25,"column":69}},"15":{"start":{"line":29,"column":8},"end":{"line":29,"column":60}},"16":{"start":{"line":33,"column":6},"end":{"line":33,"column":52}},"17":{"start":{"line":37,"column":2},"end":{"line":42,"column":5}},"18":{"start":{"line":38,"column":4},"end":{"line":38,"column":61}},"19":{"start":{"line":39,"column":4},"end":{"line":41,"column":5}},"20":{"start":{"line":40,"column":6},"end":{"line":40,"column":142}},"21":{"start":{"line":47,"column":2},"end":{"line":47,"column":53}},"22":{"start":{"line":49,"column":2},"end":{"line":60,"column":3}},"23":{"start":{"line":51,"column":4},"end":{"line":59,"column":9}},"24":{"start":{"line":54,"column":22},"end":{"line":54,"column":81}},"25":{"start":{"line":55,"column":8},"end":{"line":55,"column":36}},"26":{"start":{"line":58,"column":8},"end":{"line":58,"column":69}},"27":{"start":{"line":65,"column":2},"end":{"line":66,"column":54}},"28":{"start":{"line":69,"column":2},"end":{"line":69,"column":61}}},"fnMap":{"0":{"name":"(anonymous_0)","decl":{"start":{"line":4,"column":35},"end":{"line":4,"column":36}},"loc":{"start":{"line":4,"column":49},"end":{"line":43,"column":1}},"line":4},"1":{"name":"(anonymous_1)","decl":{"start":{"line":14,"column":14},"end":{"line":14,"column":15}},"loc":{"start":{"line":14,"column":34},"end":{"line":31,"column":5}},"line":14},"2":{"name":"(anonymous_2)","decl":{"start":{"line":32,"column":20},"end":{"line":32,"column":21}},"loc":{"start":{"line":32,"column":31},"end":{"line":34,"column":5}},"line":32},"3":{"name":"(anonymous_3)","decl":{"start":{"line":37,"column":35},"end":{"line":37,"column":36}},"loc":{"start":{"line":37,"column":53},"end":{"line":42,"column":3}},"line":37},"4":{"name":"handleCredentialResponse","decl":{"start":{"line":46,"column":16},"end":{"line":46,"column":40}},"loc":{"start":{"line":46,"column":51},"end":{"line":61,"column":1}},"line":46},"5":{"name":"(anonymous_5)","decl":{"start":{"line":52,"column":12},"end":{"line":52,"column":13}},"loc":{"start":{"line":52,"column":24},"end":{"line":56,"column":7}},"line":52},"6":{"name":"(anonymous_6)","decl":{"start":{"line":57,"column":13},"end":{"line":57,"column":14}},"loc":{"start":{"line":57,"column":22},"end":{"line":59,"column":7}},"line":57},"7":{"name":"initializeGoogleSignIn","decl":{"start":{"line":64,"column":16},"end":{"line":64,"column":38}},"loc":{"start":{"line":64,"column":41},"end":{"line":70,"column":1}},"line":64}},"branchMap":{"0":{"loc":{"start":{"line":5,"column":2},"end":{"line":8,"column":3}},"type":"if","locations":[{"start":{"line":5,"column":2},"end":{"line":8,"column":3}},{"start":{},"end":{}}],"line":5},"1":{"loc":{"start":{"line":15,"column":6},"end":{"line":30,"column":7}},"type":"if","locations":[{"start":{"line":15,"column":6},"end":{"line":30,"column":7}},{"start":{"line":28,"column":13},"end":{"line":30,"column":7}}],"line":15},"2":{"loc":{"start":{"line":23,"column":10},"end":{"line":26,"column":11}},"type":"if","locations":[{"start":{"line":23,"column":10},"end":{"line":26,"column":11}},{"start":{},"end":{}}],"line":23},"3":{"loc":{"start":{"line":39,"column":4},"end":{"line":41,"column":5}},"type":"if","locations":[{"start":{"line":39,"column":4},"end":{"line":41,"column":5}},{"start":{},"end":{}}],"line":39},"4":{"loc":{"start":{"line":39,"column":8},"end":{"line":39,"column":71}},"type":"binary-expr","locations":[{"start":{"line":39,"column":8},"end":{"line":39,"column":37}},{"start":{"line":39,"column":41},"end":{"line":39,"column":71}}],"line":39},"5":{"loc":{"start":{"line":40,"column":69},"end":{"line":40,"column":140}},"type":"binary-expr","locations":[{"start":{"line":40,"column":69},"end":{"line":40,"column":105}},{"start":{"line":40,"column":109},"end":{"line":40,"column":140}}],"line":40},"6":{"loc":{"start":{"line":49,"column":2},"end":{"line":60,"column":3}},"type":"if","locations":[{"start":{"line":49,"column":2},"end":{"line":60,"column":3}},{"start":{},"end":{}}],"line":49},"7":{"loc":{"start":{"line":49,"column":6},"end":{"line":49,"column":37}},"type":"binary-expr","locations":[{"start":{"line":49,"column":6},"end":{"line":49,"column":14}},{"start":{"line":49,"column":18},"end":{"line":49,"column":37}}],"line":49}},"s":{"0":0,"1":0,"2":0,"3":0,"4":0,"5":0,"6":0,"7":0,"8":0,"9":0,"10":0,"11":0,"12":0,"13":0,"14":0,"15":0,"16":0,"17":0,"18":0,"19":0,"20":0,"21":0,"22":0,"23":0,"24":0,"25":0,"26":0,"27":0,"28":0},"f":{"0":0,"1":0,"2":0,"3":0,"4":0,"5":0,"6":0,"7":0},"b":{"0":[0,0],"1":[0,0],"2":[0,0],"3":[0,0],"4":[0,0],"5":[0,0],"6":[0,0],"7":[0,0]}}
,"/home/dxmar/CSCE_CorseWork/CSCE_482/Collections/src/tests/reportWebVitals.js": {"path":"/home/dxmar/CSCE_CorseWork/CSCE_482/Collections/src/tests/reportWebVitals.js","statementMap":{"0":{"start":{"line":1,"column":24},"end":{"line":11,"column":1}},"1":{"start":{"line":2,"column":2},"end":{"line":10,"column":3}},"2":{"start":{"line":3,"column":4},"end":{"line":9,"column":7}},"3":{"start":{"line":4,"column":6},"end":{"line":4,"column":26}},"4":{"start":{"line":5,"column":6},"end":{"line":5,"column":26}},"5":{"start":{"line":6,"column":6},"end":{"line":6,"column":26}},"6":{"start":{"line":7,"column":6},"end":{"line":7,"column":26}},"7":{"start":{"line":8,"column":6},"end":{"line":8,"column":27}}},"fnMap":{"0":{"name":"(anonymous_0)","decl":{"start":{"line":1,"column":24},"end":{"line":1,"column":25}},"loc":{"start":{"line":1,"column":39},"end":{"line":11,"column":1}},"line":1},"1":{"name":"(anonymous_1)","decl":{"start":{"line":3,"column":30},"end":{"line":3,"column":31}},"loc":{"start":{"line":3,"column":79},"end":{"line":9,"column":5}},"line":3}},"branchMap":{"0":{"loc":{"start":{"line":2,"column":2},"end":{"line":10,"column":3}},"type":"if","locations":[{"start":{"line":2,"column":2},"end":{"line":10,"column":3}},{"start":{},"end":{}}],"line":2},"1":{"loc":{"start":{"line":2,"column":6},"end":{"line":2,"column":52}},"type":"binary-expr","locations":[{"start":{"line":2,"column":6},"end":{"line":2,"column":17}},{"start":{"line":2,"column":21},"end":{"line":2,"column":52}}],"line":2}},"s":{"0":0,"1":0,"2":0,"3":0,"4":0,"5":0,"6":0,"7":0},"f":{"0":0,"1":0},"b":{"0":[0,0],"1":[0,0]}}
,"/home/dxmar/CSCE_CorseWork/CSCE_482/Collections/src/tests/setupTests.js": {"path":"/home/dxmar/CSCE_CorseWork/CSCE_482/Collections/src/tests/setupTests.js","statementMap":{"0":{"start":{"line":6,"column":0},"end":{"line":6,"column":33}},"1":{"start":{"line":6,"column":16},"end":{"line":6,"column":31}},"2":{"start":{"line":8,"column":0},"end":{"line":8,"column":40}},"3":{"start":{"line":8,"column":16},"end":{"line":8,"column":38}},"4":{"start":{"line":10,"column":0},"end":{"line":10,"column":31}},"5":{"start":{"line":10,"column":15},"end":{"line":10,"column":29}}},"fnMap":{"0":{"name":"(anonymous_0)","decl":{"start":{"line":6,"column":10},"end":{"line":6,"column":11}},"loc":{"start":{"line":6,"column":16},"end":{"line":6,"column":31}},"line":6},"1":{"name":"(anonymous_1)","decl":{"start":{"line":8,"column":10},"end":{"line":8,"column":11}},"loc":{"start":{"line":8,"column":16},"end":{"line":8,"column":38}},"line":8},"2":{"name":"(anonymous_2)","decl":{"start":{"line":10,"column":9},"end":{"line":10,"column":10}},"loc":{"start":{"line":10,"column":15},"end":{"line":10,"column":29}},"line":10}},"branchMap":{},"s":{"0":0,"1":0,"2":0,"3":0,"4":0,"5":0},"f":{"0":0,"1":0,"2":0},"b":{}}
,"/home/dxmar/CSCE_CorseWork/CSCE_482/Collections/src/tests/mocks/server.js": {"path":"/home/dxmar/CSCE_CorseWork/CSCE_482/Collections/src/tests/mocks/server.js","statementMap":{"0":{"start":{"line":5,"column":22},"end":{"line":37,"column":1}},"1":{"start":{"line":8,"column":4},"end":{"line":11,"column":6}},"2":{"start":{"line":15,"column":4},"end":{"line":18,"column":6}},"3":{"start":{"line":22,"column":67},"end":{"line":22,"column":75}},"4":{"start":{"line":23,"column":4},"end":{"line":32,"column":6}}},"fnMap":{"0":{"name":"(anonymous_0)","decl":{"start":{"line":7,"column":56},"end":{"line":7,"column":57}},"loc":{"start":{"line":7,"column":75},"end":{"line":12,"column":3}},"line":7},"1":{"name":"(anonymous_1)","decl":{"start":{"line":14,"column":51},"end":{"line":14,"column":52}},"loc":{"start":{"line":14,"column":70},"end":{"line":19,"column":3}},"line":14},"2":{"name":"(anonymous_2)","decl":{"start":{"line":21,"column":59},"end":{"line":21,"column":60}},"loc":{"start":{"line":21,"column":78},"end":{"line":33,"column":3}},"line":21}},"branchMap":{},"s":{"0":0,"1":0,"2":0,"3":0,"4":0},"f":{"0":0,"1":0,"2":0},"b":{}}
}
