TN:
SF:src/App.js
FN:20,(anonymous_0)
FN:42,(anonymous_1)
FN:47,(anonymous_2)
FN:57,(anonymous_3)
FN:66,(anonymous_4)
FN:71,(anonymous_5)
FN:90,(anonymous_6)
FN:108,(anonymous_7)
FN:117,(anonymous_8)
FN:127,(anonymous_9)
FN:129,(anonymous_10)
FN:135,(anonymous_11)
FN:140,(anonymous_12)
FN:145,(anonymous_13)
FN:146,(anonymous_14)
FN:162,(anonymous_15)
FN:164,(anonymous_16)
FN:166,(anonymous_17)
FN:173,(anonymous_18)
FN:192,(anonymous_19)
FN:218,(anonymous_20)
FN:223,(anonymous_21)
FN:227,(anonymous_22)
FN:263,(anonymous_23)
FN:269,(anonymous_24)
FN:290,(anonymous_25)
FN:297,(anonymous_26)
FN:304,(anonymous_27)
FN:314,(anonymous_28)
FN:321,(anonymous_29)
FN:352,(anonymous_30)
FN:360,(anonymous_31)
FN:370,(anonymous_32)
FN:379,(anonymous_33)
FN:388,(anonymous_34)
FN:396,(anonymous_35)
FN:404,(anonymous_36)
FNF:37
FNH:0
FNDA:0,(anonymous_0)
FNDA:0,(anonymous_1)
FNDA:0,(anonymous_2)
FNDA:0,(anonymous_3)
FNDA:0,(anonymous_4)
FNDA:0,(anonymous_5)
FNDA:0,(anonymous_6)
FNDA:0,(anonymous_7)
FNDA:0,(anonymous_8)
FNDA:0,(anonymous_9)
FNDA:0,(anonymous_10)
FNDA:0,(anonymous_11)
FNDA:0,(anonymous_12)
FNDA:0,(anonymous_13)
FNDA:0,(anonymous_14)
FNDA:0,(anonymous_15)
FNDA:0,(anonymous_16)
FNDA:0,(anonymous_17)
FNDA:0,(anonymous_18)
FNDA:0,(anonymous_19)
FNDA:0,(anonymous_20)
FNDA:0,(anonymous_21)
FNDA:0,(anonymous_22)
FNDA:0,(anonymous_23)
FNDA:0,(anonymous_24)
FNDA:0,(anonymous_25)
FNDA:0,(anonymous_26)
FNDA:0,(anonymous_27)
FNDA:0,(anonymous_28)
FNDA:0,(anonymous_29)
FNDA:0,(anonymous_30)
FNDA:0,(anonymous_31)
FNDA:0,(anonymous_32)
FNDA:0,(anonymous_33)
FNDA:0,(anonymous_34)
FNDA:0,(anonymous_35)
FNDA:0,(anonymous_36)
DA:20,0
DA:21,0
DA:22,0
DA:23,0
DA:24,0
DA:25,0
DA:26,0
DA:27,0
DA:28,0
DA:29,0
DA:30,0
DA:31,0
DA:32,0
DA:33,0
DA:34,0
DA:35,0
DA:36,0
DA:37,0
DA:38,0
DA:39,0
DA:40,0
DA:42,0
DA:43,0
DA:44,0
DA:47,0
DA:48,0
DA:50,0
DA:51,0
DA:52,0
DA:53,0
DA:56,0
DA:57,0
DA:58,0
DA:59,0
DA:62,0
DA:65,0
DA:66,0
DA:67,0
DA:68,0
DA:71,0
DA:72,0
DA:73,0
DA:77,0
DA:78,0
DA:81,0
DA:83,0
DA:84,0
DA:85,0
DA:90,0
DA:91,0
DA:93,0
DA:95,0
DA:96,0
DA:97,0
DA:100,0
DA:101,0
DA:102,0
DA:104,0
DA:108,0
DA:109,0
DA:110,0
DA:111,0
DA:113,0
DA:117,0
DA:119,0
DA:120,0
DA:121,0
DA:122,0
DA:123,0
DA:127,0
DA:128,0
DA:129,0
DA:130,0
DA:131,0
DA:135,0
DA:136,0
DA:137,0
DA:140,0
DA:141,0
DA:142,0
DA:145,0
DA:146,0
DA:147,0
DA:149,0
DA:150,0
DA:151,0
DA:152,0
DA:153,0
DA:155,0
DA:156,0
DA:157,0
DA:162,0
DA:163,0
DA:164,0
DA:166,0
DA:170,0
DA:173,0
DA:174,0
DA:175,0
DA:176,0
DA:177,0
DA:178,0
DA:179,0
DA:180,0
DA:182,0
DA:184,0
DA:185,0
DA:186,0
DA:187,0
DA:188,0
DA:192,0
DA:193,0
DA:194,0
DA:195,0
DA:196,0
DA:199,0
DA:200,0
DA:201,0
DA:202,0
DA:203,0
DA:206,0
DA:207,0
DA:211,0
DA:212,0
DA:214,0
DA:218,0
DA:220,0
DA:223,0
DA:224,0
DA:227,0
DA:229,0
DA:233,0
DA:234,0
DA:238,0
DA:239,0
DA:242,0
DA:243,0
DA:246,0
DA:247,0
DA:250,0
DA:263,0
DA:269,0
DA:290,0
DA:297,0
DA:304,0
DA:314,0
DA:321,0
DA:352,0
DA:360,0
DA:370,0
DA:379,0
DA:388,0
DA:396,0
DA:404,0
LF:154
LH:0
BRDA:48,0,0,0
BRDA:48,0,1,0
BRDA:58,1,0,0
BRDA:58,1,1,0
BRDA:65,2,0,0
BRDA:65,2,1,0
BRDA:66,3,0,0
BRDA:66,3,1,0
BRDA:66,4,0,0
BRDA:66,4,1,0
BRDA:72,5,0,0
BRDA:72,5,1,0
BRDA:91,6,0,0
BRDA:91,6,1,0
BRDA:110,7,0,0
BRDA:110,7,1,0
BRDA:119,8,0,0
BRDA:119,8,1,0
BRDA:119,9,0,0
BRDA:119,9,1,0
BRDA:130,10,0,0
BRDA:130,10,1,0
BRDA:149,11,0,0
BRDA:149,11,1,0
BRDA:149,12,0,0
BRDA:149,12,1,0
BRDA:150,13,0,0
BRDA:150,13,1,0
BRDA:153,14,0,0
BRDA:153,14,1,0
BRDA:163,15,0,0
BRDA:163,15,1,0
BRDA:163,16,0,0
BRDA:163,16,1,0
BRDA:233,17,0,0
BRDA:233,17,1,0
BRDA:238,18,0,0
BRDA:238,18,1,0
BRDA:242,19,0,0
BRDA:242,19,1,0
BRDA:242,20,0,0
BRDA:242,20,1,0
BRDA:246,21,0,0
BRDA:246,21,1,0
BRDA:275,22,0,0
BRDA:275,22,1,0
BRDA:283,23,0,0
BRDA:283,23,1,0
BRDA:283,23,2,0
BRDA:288,24,0,0
BRDA:288,24,1,0
BRDA:318,25,0,0
BRDA:318,25,1,0
BRDA:342,26,0,0
BRDA:342,26,1,0
BRDA:342,27,0,0
BRDA:342,27,1,0
BRDA:347,28,0,0
BRDA:347,28,1,0
BRDA:350,29,0,0
BRDA:350,29,1,0
BRDA:350,30,0,0
BRDA:350,30,1,0
BRDA:358,31,0,0
BRDA:358,31,1,0
BRDA:366,32,0,0
BRDA:366,32,1,0
BRDA:376,33,0,0
BRDA:376,33,1,0
BRDA:385,34,0,0
BRDA:385,34,1,0
BRDA:393,35,0,0
BRDA:393,35,1,0
BRDA:401,36,0,0
BRDA:401,36,1,0
BRF:75
BRH:0
end_of_record
TN:
SF:src/index.js
FNF:0
FNH:0
DA:8,0
DA:9,0
DA:20,0
LF:3
LH:0
BRF:0
BRH:0
end_of_record
TN:
SF:src/routes.js
FN:10,(anonymous_0)
FN:24,(anonymous_1)
FNF:2
FNH:0
FNDA:0,(anonymous_0)
FNDA:0,(anonymous_1)
DA:10,0
DA:11,0
DA:13,0
DA:14,0
DA:17,0
DA:18,0
DA:21,0
DA:24,0
DA:25,0
LF:9
LH:0
BRDA:13,0,0,0
BRDA:13,0,1,0
BRDA:17,1,0,0
BRDA:17,1,1,0
BRF:4
BRH:0
end_of_record
TN:
SF:src/components/AddCategoryForm.js
FN:6,(anonymous_0)
FN:15,(anonymous_1)
FN:29,(anonymous_2)
FN:30,(anonymous_3)
FN:33,(anonymous_4)
FN:40,(anonymous_5)
FN:102,(anonymous_6)
FN:114,(anonymous_7)
FN:124,(anonymous_8)
FN:139,(anonymous_9)
FN:155,(anonymous_10)
FN:161,(anonymous_11)
FNF:12
FNH:0
FNDA:0,(anonymous_0)
FNDA:0,(anonymous_1)
FNDA:0,(anonymous_2)
FNDA:0,(anonymous_3)
FNDA:0,(anonymous_4)
FNDA:0,(anonymous_5)
FNDA:0,(anonymous_6)
FNDA:0,(anonymous_7)
FNDA:0,(anonymous_8)
FNDA:0,(anonymous_9)
FNDA:0,(anonymous_10)
FNDA:0,(anonymous_11)
DA:6,0
DA:7,0
DA:8,0
DA:9,0
DA:10,0
DA:11,0
DA:12,0
DA:13,0
DA:15,0
DA:16,0
DA:19,0
DA:20,0
DA:21,0
DA:24,0
DA:25,0
DA:26,0
DA:29,0
DA:30,0
DA:33,0
DA:34,0
DA:35,0
DA:36,0
DA:40,0
DA:41,0
DA:43,0
DA:44,0
DA:45,0
DA:48,0
DA:49,0
DA:50,0
DA:52,0
DA:54,0
DA:55,0
DA:56,0
DA:59,0
DA:60,0
DA:63,0
DA:66,0
DA:72,0
DA:73,0
DA:76,0
DA:79,0
DA:81,0
DA:82,0
DA:84,0
DA:88,0
DA:102,0
DA:114,0
DA:124,0
DA:139,0
DA:156,0
DA:161,0
LF:52
LH:0
BRDA:16,0,0,0
BRDA:16,0,1,0
BRDA:19,1,0,0
BRDA:19,1,1,0
BRDA:34,2,0,0
BRDA:34,2,1,0
BRDA:34,3,0,0
BRDA:34,3,1,0
BRDA:43,4,0,0
BRDA:43,4,1,0
BRDA:52,5,0,0
BRDA:52,5,1,0
BRDA:59,6,0,0
BRDA:59,6,1,0
BRDA:59,7,0,0
BRDA:59,7,1,0
BRDA:72,8,0,0
BRDA:72,8,1,0
BRDA:72,9,0,0
BRDA:72,9,1,0
BRDA:93,10,0,0
BRDA:93,10,1,0
BRDA:130,11,0,0
BRDA:130,11,1,0
BRDA:154,12,0,0
BRDA:154,12,1,0
BRDA:189,13,0,0
BRDA:189,13,1,0
BRF:28
BRH:0
end_of_record
TN:
SF:src/components/AddImageForm.js
FN:8,(anonymous_0)
FN:12,(anonymous_1)
FN:27,(anonymous_2)
FN:59,(anonymous_3)
FN:94,(anonymous_4)
FN:101,(anonymous_5)
FN:109,(anonymous_6)
FN:123,(anonymous_7)
FN:124,(anonymous_8)
FN:127,(anonymous_9)
FN:134,(anonymous_10)
FN:216,(anonymous_11)
FN:251,(anonymous_12)
FN:262,(anonymous_13)
FN:266,(anonymous_14)
FN:304,(anonymous_15)
FN:316,(anonymous_16)
FN:328,(anonymous_17)
FN:339,(anonymous_18)
FN:352,(anonymous_19)
FN:367,(anonymous_20)
FN:383,(anonymous_21)
FN:389,(anonymous_22)
FNF:23
FNH:0
FNDA:0,(anonymous_0)
FNDA:0,(anonymous_1)
FNDA:0,(anonymous_2)
FNDA:0,(anonymous_3)
FNDA:0,(anonymous_4)
FNDA:0,(anonymous_5)
FNDA:0,(anonymous_6)
FNDA:0,(anonymous_7)
FNDA:0,(anonymous_8)
FNDA:0,(anonymous_9)
FNDA:0,(anonymous_10)
FNDA:0,(anonymous_11)
FNDA:0,(anonymous_12)
FNDA:0,(anonymous_13)
FNDA:0,(anonymous_14)
FNDA:0,(anonymous_15)
FNDA:0,(anonymous_16)
FNDA:0,(anonymous_17)
FNDA:0,(anonymous_18)
FNDA:0,(anonymous_19)
FNDA:0,(anonymous_20)
FNDA:0,(anonymous_21)
FNDA:0,(anonymous_22)
DA:8,0
DA:9,0
DA:10,0
DA:11,0
DA:12,0
DA:14,0
DA:15,0
DA:16,0
DA:17,0
DA:19,0
DA:20,0
DA:21,0
DA:22,0
DA:23,0
DA:24,0
DA:25,0
DA:27,0
DA:28,0
DA:30,0
DA:33,0
DA:39,0
DA:41,0
DA:44,0
DA:45,0
DA:46,0
DA:48,0
DA:49,0
DA:50,0
DA:53,0
DA:54,0
DA:59,0
DA:60,0
DA:61,0
DA:64,0
DA:76,0
DA:78,0
DA:80,0
DA:81,0
DA:82,0
DA:83,0
DA:84,0
DA:86,0
DA:94,0
DA:95,0
DA:96,0
DA:97,0
DA:100,0
DA:101,0
DA:102,0
DA:104,0
DA:109,0
DA:110,0
DA:113,0
DA:114,0
DA:115,0
DA:118,0
DA:119,0
DA:120,0
DA:123,0
DA:124,0
DA:127,0
DA:128,0
DA:129,0
DA:130,0
DA:134,0
DA:135,0
DA:137,0
DA:138,0
DA:139,0
DA:142,0
DA:143,0
DA:144,0
DA:147,0
DA:148,0
DA:149,0
DA:152,0
DA:153,0
DA:154,0
DA:156,0
DA:157,0
DA:158,0
DA:159,0
DA:162,0
DA:163,0
DA:164,0
DA:165,0
DA:166,0
DA:169,0
DA:170,0
DA:171,0
DA:172,0
DA:175,0
DA:176,0
DA:177,0
DA:178,0
DA:181,0
DA:182,0
DA:185,0
DA:186,0
DA:189,0
DA:190,0
DA:193,0
DA:194,0
DA:195,0
DA:196,0
DA:201,0
DA:202,0
DA:203,0
DA:204,0
DA:208,0
DA:209,0
DA:212,0
DA:213,0
DA:216,0
DA:217,0
DA:220,0
DA:223,0
DA:224,0
DA:225,0
DA:226,0
DA:227,0
DA:228,0
DA:231,0
DA:232,0
DA:233,0
DA:237,0
DA:251,0
DA:262,0
DA:267,0
DA:304,0
DA:316,0
DA:328,0
DA:339,0
DA:352,0
DA:367,0
DA:384,0
DA:389,0
LF:137
LH:0
BRDA:12,0,0,0
BRDA:12,0,1,0
BRDA:30,1,0,0
BRDA:30,1,1,0
BRDA:39,2,0,0
BRDA:39,2,1,0
BRDA:60,3,0,0
BRDA:60,3,1,0
BRDA:80,4,0,0
BRDA:80,4,1,0
BRDA:84,5,0,0
BRDA:84,5,1,0
BRDA:96,6,0,0
BRDA:96,6,1,0
BRDA:110,7,0,0
BRDA:110,7,1,0
BRDA:113,8,0,0
BRDA:113,8,1,0
BRDA:128,9,0,0
BRDA:128,9,1,0
BRDA:128,10,0,0
BRDA:128,10,1,0
BRDA:137,11,0,0
BRDA:137,11,1,0
BRDA:142,12,0,0
BRDA:142,12,1,0
BRDA:147,13,0,0
BRDA:147,13,1,0
BRDA:163,14,0,0
BRDA:163,14,1,0
BRDA:169,15,0,0
BRDA:169,15,1,0
BRDA:181,16,0,0
BRDA:181,16,1,0
BRDA:185,17,0,0
BRDA:185,17,1,0
BRDA:189,18,0,0
BRDA:189,18,1,0
BRDA:189,19,0,0
BRDA:189,19,1,0
BRDA:193,20,0,0
BRDA:193,20,1,0
BRDA:195,21,0,0
BRDA:195,21,1,0
BRDA:223,22,0,0
BRDA:223,22,1,0
BRDA:225,23,0,0
BRDA:225,23,1,0
BRDA:227,24,0,0
BRDA:227,24,1,0
BRDA:242,25,0,0
BRDA:242,25,1,0
BRDA:292,26,0,0
BRDA:292,26,1,0
BRDA:345,27,0,0
BRDA:345,27,1,0
BRDA:358,28,0,0
BRDA:358,28,1,0
BRDA:382,29,0,0
BRDA:382,29,1,0
BRDA:403,30,0,0
BRDA:403,30,1,0
BRDA:425,31,0,0
BRDA:425,31,1,0
BRF:64
BRH:0
end_of_record
TN:
SF:src/components/AuthUserProfile.js
FN:10,(anonymous_0)
FN:26,(anonymous_1)
FN:29,(anonymous_2)
FN:58,(anonymous_3)
FN:60,(anonymous_4)
FN:66,(anonymous_5)
FN:102,(anonymous_6)
FN:105,(anonymous_7)
FN:129,(anonymous_8)
FN:166,(anonymous_9)
FN:174,(anonymous_10)
FNF:11
FNH:0
FNDA:0,(anonymous_0)
FNDA:0,(anonymous_1)
FNDA:0,(anonymous_2)
FNDA:0,(anonymous_3)
FNDA:0,(anonymous_4)
FNDA:0,(anonymous_5)
FNDA:0,(anonymous_6)
FNDA:0,(anonymous_7)
FNDA:0,(anonymous_8)
FNDA:0,(anonymous_9)
FNDA:0,(anonymous_10)
DA:10,0
DA:11,0
DA:12,0
DA:13,0
DA:14,0
DA:15,0
DA:16,0
DA:17,0
DA:18,0
DA:19,0
DA:20,0
DA:26,0
DA:27,0
DA:29,0
DA:30,0
DA:31,0
DA:33,0
DA:34,0
DA:36,0
DA:37,0
DA:39,0
DA:40,0
DA:41,0
DA:45,0
DA:46,0
DA:49,0
DA:51,0
DA:55,0
DA:58,0
DA:59,0
DA:60,0
DA:61,0
DA:62,0
DA:66,0
DA:67,0
DA:70,0
DA:71,0
DA:74,0
DA:75,0
DA:78,0
DA:102,0
DA:105,0
DA:129,0
DA:166,0
DA:174,0
LF:45
LH:0
BRDA:27,0,0,0
BRDA:27,0,1,0
BRDA:27,1,0,0
BRDA:27,1,1,0
BRDA:27,1,2,0
BRDA:33,2,0,0
BRDA:33,2,1,0
BRDA:39,3,0,0
BRDA:39,3,1,0
BRDA:45,4,0,0
BRDA:45,4,1,0
BRDA:61,5,0,0
BRDA:61,5,1,0
BRDA:70,6,0,0
BRDA:70,6,1,0
BRDA:74,7,0,0
BRDA:74,7,1,0
BRDA:86,8,0,0
BRDA:86,8,1,0
BRDA:96,9,0,0
BRDA:96,9,1,0
BRDA:99,10,0,0
BRDA:99,10,1,0
BRDA:103,11,0,0
BRDA:103,11,1,0
BRDA:106,12,0,0
BRDA:106,12,1,0
BRDA:114,13,0,0
BRDA:114,13,1,0
BRDA:119,14,0,0
BRDA:119,14,1,0
BRDA:122,15,0,0
BRDA:122,15,1,0
BRDA:142,16,0,0
BRDA:142,16,1,0
BRDA:156,17,0,0
BRDA:156,17,1,0
BRDA:163,18,0,0
BRDA:163,18,1,0
BRDA:171,19,0,0
BRDA:171,19,1,0
BRF:41
BRH:0
end_of_record
TN:
SF:src/components/CategoryList.js
FN:8,(anonymous_0)
FN:26,(anonymous_1)
FN:33,(anonymous_2)
FN:43,(anonymous_3)
FN:52,(anonymous_4)
FN:59,(anonymous_5)
FN:81,(anonymous_6)
FN:87,(anonymous_7)
FN:93,(anonymous_8)
FN:113,(anonymous_9)
FN:117,(anonymous_10)
FN:130,(anonymous_11)
FN:141,(anonymous_12)
FN:154,(anonymous_13)
FN:170,(anonymous_14)
FN:176,(anonymous_15)
FN:183,(anonymous_16)
FN:212,(anonymous_17)
FNF:18
FNH:12
FNDA:12,(anonymous_0)
FNDA:2,(anonymous_1)
FNDA:1,(anonymous_2)
FNDA:0,(anonymous_3)
FNDA:0,(anonymous_4)
FNDA:1,(anonymous_5)
FNDA:0,(anonymous_6)
FNDA:2,(anonymous_7)
FNDA:1,(anonymous_8)
FNDA:22,(anonymous_9)
FNDA:1,(anonymous_10)
FNDA:0,(anonymous_11)
FNDA:44,(anonymous_12)
FNDA:2,(anonymous_13)
FNDA:0,(anonymous_14)
FNDA:1,(anonymous_15)
FNDA:1,(anonymous_16)
FNDA:0,(anonymous_17)
DA:8,1
DA:9,12
DA:10,12
DA:11,12
DA:12,12
DA:13,12
DA:15,12
DA:16,12
DA:18,12
DA:19,1
DA:26,11
DA:27,2
DA:29,2
DA:30,2
DA:33,11
DA:34,1
DA:36,1
DA:37,1
DA:38,1
DA:39,1
DA:43,11
DA:44,0
DA:46,0
DA:47,0
DA:48,0
DA:49,0
DA:52,11
DA:53,0
DA:54,0
DA:55,0
DA:59,11
DA:60,1
DA:62,1
DA:63,1
DA:64,1
DA:65,1
DA:66,1
DA:67,1
DA:68,1
DA:69,1
DA:70,1
DA:71,1
DA:74,0
DA:75,0
DA:77,0
DA:81,11
DA:82,0
DA:83,0
DA:87,11
DA:88,2
DA:89,0
DA:93,11
DA:94,1
DA:95,1
DA:97,1
DA:98,1
DA:99,1
DA:100,1
DA:101,1
DA:103,1
DA:105,0
DA:106,0
DA:107,0
DA:111,11
DA:114,22
DA:117,1
DA:131,0
DA:132,0
DA:133,0
DA:142,44
DA:154,2
DA:170,0
DA:176,1
DA:183,1
DA:212,0
LF:75
LH:53
BRDA:8,0,0,12
BRDA:18,1,0,1
BRDA:18,1,1,11
BRDA:18,2,0,12
BRDA:18,2,1,12
BRDA:21,3,0,0
BRDA:21,3,1,1
BRDA:27,4,0,0
BRDA:27,4,1,2
BRDA:30,5,0,0
BRDA:30,5,1,2
BRDA:34,6,0,0
BRDA:34,6,1,1
BRDA:44,7,0,0
BRDA:44,7,1,0
BRDA:54,8,0,0
BRDA:54,8,1,0
BRDA:60,9,0,0
BRDA:60,9,1,1
BRDA:70,10,0,1
BRDA:70,10,1,0
BRDA:88,11,0,0
BRDA:88,11,1,2
BRDA:100,12,0,1
BRDA:100,12,1,0
BRDA:115,13,0,22
BRDA:115,13,1,0
BRDA:116,14,0,0
BRDA:116,14,1,22
BRDA:123,15,0,0
BRDA:123,15,1,22
BRDA:124,16,0,0
BRDA:124,16,1,0
BRDA:139,17,0,22
BRDA:139,17,1,22
BRDA:139,17,2,22
BRDA:144,18,0,22
BRDA:144,18,1,0
BRDA:151,19,0,22
BRDA:151,19,1,22
BRDA:165,20,0,22
BRDA:165,20,1,2
BRDA:165,20,2,2
BRDA:179,21,0,2
BRDA:179,21,1,0
BRDA:193,22,0,11
BRDA:193,22,1,2
BRDA:193,22,2,2
BRDA:197,23,0,0
BRDA:197,23,1,2
BRDA:197,24,0,2
BRDA:197,24,1,2
BRDA:209,25,0,11
BRDA:209,25,1,0
BRDA:209,25,2,0
BRF:55
BRH:33
end_of_record
TN:
SF:src/components/ConfirmationModal.js
FN:4,(anonymous_0)
FNF:1
FNH:1
FNDA:4,(anonymous_0)
DA:4,2
DA:13,4
LF:2
LH:2
BRDA:7,0,0,0
BRDA:8,1,0,4
BRDA:11,2,0,0
BRDA:34,3,0,2
BRDA:34,3,1,2
BRF:5
BRH:3
end_of_record
TN:
SF:src/components/DeleteAccountModal.js
FN:4,(anonymous_0)
FNF:1
FNH:0
FNDA:0,(anonymous_0)
DA:4,0
DA:9,0
LF:2
LH:0
BRDA:7,0,0,0
BRDA:33,1,0,0
BRDA:33,1,1,0
BRF:3
BRH:0
end_of_record
TN:
SF:src/components/EditImageDetailsForm.js
FN:6,(anonymous_0)
FN:19,(anonymous_1)
FN:27,(anonymous_2)
FN:41,(anonymous_3)
FN:42,(anonymous_4)
FN:45,(anonymous_5)
FN:52,(anonymous_6)
FN:131,(anonymous_7)
FN:160,(anonymous_8)
FN:176,(anonymous_9)
FN:182,(anonymous_10)
FNF:11
FNH:4
FNDA:5,(anonymous_0)
FNDA:3,(anonymous_1)
FNDA:0,(anonymous_2)
FNDA:0,(anonymous_3)
FNDA:0,(anonymous_4)
FNDA:0,(anonymous_5)
FNDA:1,(anonymous_6)
FNDA:0,(anonymous_7)
FNDA:0,(anonymous_8)
FNDA:10,(anonymous_9)
FNDA:0,(anonymous_10)
DA:6,1
DA:7,5
DA:13,5
DA:14,5
DA:15,5
DA:16,5
DA:17,5
DA:19,5
DA:20,3
DA:21,3
DA:27,5
DA:28,0
DA:31,0
DA:32,0
DA:33,0
DA:36,0
DA:37,0
DA:38,0
DA:41,5
DA:42,0
DA:45,5
DA:46,0
DA:47,0
DA:48,0
DA:52,5
DA:53,1
DA:55,1
DA:56,0
DA:57,0
DA:60,1
DA:61,1
DA:62,1
DA:64,1
DA:69,1
DA:70,1
DA:72,0
DA:73,0
DA:75,1
DA:79,5
DA:131,0
DA:160,0
DA:177,10
DA:182,0
LF:43
LH:25
BRDA:6,0,0,5
BRDA:8,1,0,5
BRDA:8,1,1,0
BRDA:9,2,0,5
BRDA:9,2,1,0
BRDA:10,3,0,5
BRDA:10,3,1,0
BRDA:11,4,0,5
BRDA:11,4,1,5
BRDA:13,5,0,5
BRDA:13,5,1,0
BRDA:28,6,0,0
BRDA:28,6,1,0
BRDA:31,7,0,0
BRDA:31,7,1,0
BRDA:46,8,0,0
BRDA:46,8,1,0
BRDA:46,9,0,0
BRDA:46,9,1,0
BRDA:55,10,0,0
BRDA:55,10,1,1
BRDA:66,11,0,1
BRDA:66,11,1,0
BRDA:84,12,0,5
BRDA:84,12,1,0
BRDA:137,13,0,5
BRDA:137,13,1,0
BRDA:151,14,0,5
BRDA:151,14,1,5
BRDA:175,15,0,5
BRDA:175,15,1,0
BRDA:209,16,0,1
BRDA:209,16,1,4
BRF:33
BRH:16
end_of_record
TN:
SF:src/components/EditProfileForm.js
FN:6,(anonymous_0)
FN:19,(anonymous_1)
FN:21,(anonymous_2)
FN:27,(anonymous_3)
FN:34,(anonymous_4)
FN:41,(anonymous_5)
FNF:6
FNH:4
FNDA:9,(anonymous_0)
FNDA:4,(anonymous_1)
FNDA:4,(anonymous_2)
FNDA:0,(anonymous_3)
FNDA:0,(anonymous_4)
FNDA:1,(anonymous_5)
DA:6,1
DA:7,9
DA:8,9
DA:14,9
DA:15,9
DA:16,9
DA:17,9
DA:19,9
DA:20,4
DA:21,4
DA:27,9
DA:28,0
DA:29,0
DA:30,0
DA:33,0
DA:34,0
DA:35,0
DA:37,0
DA:41,9
DA:42,1
DA:45,1
DA:47,1
DA:48,0
DA:49,0
DA:50,0
DA:53,1
DA:54,1
DA:55,1
DA:58,1
DA:59,1
DA:60,1
DA:61,1
DA:62,1
DA:64,1
DA:71,1
DA:72,0
DA:75,1
DA:76,1
DA:77,1
DA:79,1
DA:80,1
DA:82,0
DA:83,0
DA:84,0
DA:88,9
LF:45
LH:31
BRDA:9,0,0,9
BRDA:9,0,1,0
BRDA:10,1,0,9
BRDA:10,1,1,0
BRDA:11,2,0,9
BRDA:11,2,1,0
BRDA:12,3,0,9
BRDA:12,3,1,0
BRDA:15,4,0,9
BRDA:15,4,1,0
BRDA:29,5,0,0
BRDA:29,5,1,0
BRDA:45,6,0,1
BRDA:45,6,1,0
BRDA:47,7,0,0
BRDA:47,7,1,1
BRDA:71,8,0,0
BRDA:71,8,1,1
BRDA:93,9,0,9
BRDA:93,9,1,0
BRDA:105,10,0,9
BRDA:105,10,1,9
BRDA:179,11,0,1
BRDA:179,11,1,8
BRF:24
BRH:13
end_of_record
TN:
SF:src/components/EditTagsForm.js
FN:6,(anonymous_0)
FN:12,(anonymous_1)
FN:26,(anonymous_2)
FN:27,(anonymous_3)
FN:30,(anonymous_4)
FN:37,(anonymous_5)
FN:69,(anonymous_6)
FN:85,(anonymous_7)
FN:91,(anonymous_8)
FNF:9
FNH:0
FNDA:0,(anonymous_0)
FNDA:0,(anonymous_1)
FNDA:0,(anonymous_2)
FNDA:0,(anonymous_3)
FNDA:0,(anonymous_4)
FNDA:0,(anonymous_5)
FNDA:0,(anonymous_6)
FNDA:0,(anonymous_7)
FNDA:0,(anonymous_8)
DA:6,1
DA:7,0
DA:8,0
DA:9,0
DA:10,0
DA:12,0
DA:13,0
DA:16,0
DA:17,0
DA:18,0
DA:21,0
DA:22,0
DA:23,0
DA:26,0
DA:27,0
DA:30,0
DA:31,0
DA:32,0
DA:33,0
DA:37,0
DA:38,0
DA:40,0
DA:41,0
DA:42,0
DA:44,0
DA:45,0
DA:47,0
DA:48,0
DA:50,0
DA:54,0
DA:69,0
DA:86,0
DA:91,0
LF:33
LH:1
BRDA:7,0,0,0
BRDA:7,0,1,0
BRDA:13,1,0,0
BRDA:13,1,1,0
BRDA:16,2,0,0
BRDA:16,2,1,0
BRDA:31,3,0,0
BRDA:31,3,1,0
BRDA:59,4,0,0
BRDA:59,4,1,0
BRDA:84,5,0,0
BRDA:84,5,1,0
BRDA:116,6,0,0
BRDA:116,6,1,0
BRF:14
BRH:0
end_of_record
TN:
SF:src/components/FinancialEval.js
FN:9,(anonymous_0)
FN:17,(anonymous_1)
FN:20,(anonymous_2)
FN:27,(anonymous_3)
FN:29,(anonymous_4)
FN:39,(anonymous_5)
FN:56,(anonymous_6)
FNF:7
FNH:0
FNDA:0,(anonymous_0)
FNDA:0,(anonymous_1)
FNDA:0,(anonymous_2)
FNDA:0,(anonymous_3)
FNDA:0,(anonymous_4)
FNDA:0,(anonymous_5)
FNDA:0,(anonymous_6)
DA:9,0
DA:10,0
DA:11,0
DA:15,0
DA:16,0
DA:17,0
DA:18,0
DA:20,0
DA:21,0
DA:23,0
DA:24,0
DA:25,0
DA:27,0
DA:29,0
DA:30,0
DA:31,0
DA:32,0
DA:34,0
DA:39,0
DA:40,0
DA:41,0
DA:42,0
DA:43,0
DA:46,0
DA:50,0
DA:51,0
DA:54,0
DA:56,0
LF:28
LH:0
BRDA:24,0,0,0
BRDA:24,0,1,0
BRDA:42,1,0,0
BRDA:42,1,1,0
BRDA:67,2,0,0
BRDA:67,2,1,0
BRDA:100,3,0,0
BRDA:100,3,1,0
BRDA:112,4,0,0
BRDA:112,4,1,0
BRF:10
BRH:0
end_of_record
TN:
SF:src/components/FollowList.js
FN:6,(anonymous_0)
FN:11,(anonymous_1)
FN:12,(anonymous_2)
FN:35,(anonymous_3)
FN:44,(anonymous_4)
FN:78,(anonymous_5)
FN:101,(anonymous_6)
FN:110,(anonymous_7)
FNF:8
FNH:0
FNDA:0,(anonymous_0)
FNDA:0,(anonymous_1)
FNDA:0,(anonymous_2)
FNDA:0,(anonymous_3)
FNDA:0,(anonymous_4)
FNDA:0,(anonymous_5)
FNDA:0,(anonymous_6)
FNDA:0,(anonymous_7)
DA:6,0
DA:7,0
DA:8,0
DA:9,0
DA:11,0
DA:12,0
DA:13,0
DA:14,0
DA:17,0
DA:18,0
DA:20,0
DA:23,0
DA:24,0
DA:26,0
DA:27,0
DA:28,0
DA:32,0
DA:35,0
DA:36,0
DA:37,0
DA:38,0
DA:40,0
DA:44,0
DA:45,0
DA:46,0
DA:48,0
DA:51,0
DA:55,0
DA:56,0
DA:59,0
DA:60,0
DA:63,0
DA:64,0
DA:73,0
DA:79,0
DA:101,0
DA:110,0
LF:37
LH:0
BRDA:17,0,0,0
BRDA:17,0,1,0
BRDA:37,1,0,0
BRDA:37,1,1,0
BRDA:45,2,0,0
BRDA:45,2,1,0
BRDA:55,3,0,0
BRDA:55,3,1,0
BRDA:59,4,0,0
BRDA:59,4,1,0
BRDA:63,5,0,0
BRDA:63,5,1,0
BRDA:66,6,0,0
BRDA:66,6,1,0
BRDA:75,7,0,0
BRDA:75,7,1,0
BRDA:82,8,0,0
BRDA:82,8,1,0
BRDA:91,9,0,0
BRDA:91,9,1,0
BRDA:98,10,0,0
BRDA:98,10,1,0
BRDA:100,11,0,0
BRDA:100,11,1,0
BRDA:103,12,0,0
BRDA:103,12,1,0
BRDA:107,13,0,0
BRDA:107,13,1,0
BRF:28
BRH:0
end_of_record
TN:
SF:src/components/FollowListModal.js
FN:7,(anonymous_0)
FN:12,(anonymous_1)
FN:13,(anonymous_2)
FN:36,(anonymous_3)
FN:45,(anonymous_4)
FN:56,(anonymous_5)
FN:77,(anonymous_6)
FN:100,(anonymous_7)
FN:109,(anonymous_8)
FNF:9
FNH:0
FNDA:0,(anonymous_0)
FNDA:0,(anonymous_1)
FNDA:0,(anonymous_2)
FNDA:0,(anonymous_3)
FNDA:0,(anonymous_4)
FNDA:0,(anonymous_5)
FNDA:0,(anonymous_6)
FNDA:0,(anonymous_7)
FNDA:0,(anonymous_8)
DA:7,0
DA:8,0
DA:9,0
DA:10,0
DA:12,0
DA:13,0
DA:14,0
DA:15,0
DA:18,0
DA:19,0
DA:21,0
DA:24,0
DA:25,0
DA:27,0
DA:28,0
DA:29,0
DA:33,0
DA:36,0
DA:37,0
DA:38,0
DA:39,0
DA:41,0
DA:45,0
DA:46,0
DA:47,0
DA:49,0
DA:52,0
DA:56,0
DA:57,0
DA:58,0
DA:61,0
DA:62,0
DA:65,0
DA:66,0
DA:75,0
DA:78,0
DA:100,0
DA:109,0
DA:120,0
LF:39
LH:0
BRDA:7,0,0,0
BRDA:18,1,0,0
BRDA:18,1,1,0
BRDA:38,2,0,0
BRDA:38,2,1,0
BRDA:46,3,0,0
BRDA:46,3,1,0
BRDA:57,4,0,0
BRDA:57,4,1,0
BRDA:61,5,0,0
BRDA:61,5,1,0
BRDA:65,6,0,0
BRDA:65,6,1,0
BRDA:68,7,0,0
BRDA:68,7,1,0
BRDA:81,8,0,0
BRDA:81,8,1,0
BRDA:90,9,0,0
BRDA:90,9,1,0
BRDA:97,10,0,0
BRDA:97,10,1,0
BRDA:99,11,0,0
BRDA:99,11,1,0
BRDA:102,12,0,0
BRDA:102,12,1,0
BRDA:106,13,0,0
BRDA:106,13,1,0
BRDA:124,14,0,0
BRDA:124,14,1,0
BRF:29
BRH:0
end_of_record
TN:
SF:src/components/ImageGrid.js
FN:10,(anonymous_0)
FN:25,(anonymous_1)
FN:28,(anonymous_2)
FN:29,(anonymous_3)
FN:31,(anonymous_4)
FN:50,(anonymous_5)
FN:51,(anonymous_6)
FN:66,(anonymous_7)
FN:74,(anonymous_8)
FN:76,(anonymous_9)
FN:88,(anonymous_10)
FN:94,(anonymous_11)
FN:101,(anonymous_12)
FN:104,(anonymous_13)
FN:112,(anonymous_14)
FN:116,(anonymous_15)
FN:117,(anonymous_16)
FN:133,(anonymous_17)
FN:143,(anonymous_18)
FN:143,(anonymous_19)
FN:163,(anonymous_20)
FN:177,(anonymous_21)
FN:203,(anonymous_22)
FN:209,(anonymous_23)
FN:233,(anonymous_24)
FN:277,(anonymous_25)
FN:284,(anonymous_26)
FN:289,(anonymous_27)
FN:290,(anonymous_28)
FN:303,(anonymous_29)
FN:349,(anonymous_30)
FNF:31
FNH:20
FNDA:18,(anonymous_0)
FNDA:6,(anonymous_1)
FNDA:10,(anonymous_2)
FNDA:10,(anonymous_3)
FNDA:0,(anonymous_4)
FNDA:4,(anonymous_5)
FNDA:4,(anonymous_6)
FNDA:2,(anonymous_7)
FNDA:2,(anonymous_8)
FNDA:0,(anonymous_9)
FNDA:0,(anonymous_10)
FNDA:1,(anonymous_11)
FNDA:1,(anonymous_12)
FNDA:1,(anonymous_13)
FNDA:1,(anonymous_14)
FNDA:1,(anonymous_15)
FNDA:2,(anonymous_16)
FNDA:1,(anonymous_17)
FNDA:1,(anonymous_18)
FNDA:2,(anonymous_19)
FNDA:0,(anonymous_20)
FNDA:0,(anonymous_21)
FNDA:0,(anonymous_22)
FNDA:0,(anonymous_23)
FNDA:2,(anonymous_24)
FNDA:31,(anonymous_25)
FNDA:2,(anonymous_26)
FNDA:0,(anonymous_27)
FNDA:0,(anonymous_28)
FNDA:0,(anonymous_29)
FNDA:0,(anonymous_30)
DA:10,1
DA:11,18
DA:12,18
DA:13,18
DA:14,18
DA:15,18
DA:16,18
DA:17,18
DA:18,18
DA:19,18
DA:20,18
DA:21,18
DA:22,18
DA:23,18
DA:25,18
DA:27,6
DA:28,10
DA:30,10
DA:31,0
DA:32,10
DA:41,6
DA:43,6
DA:44,6
DA:46,6
DA:50,18
DA:51,4
DA:52,4
DA:53,4
DA:54,4
DA:56,0
DA:60,4
DA:66,18
DA:67,2
DA:69,2
DA:70,2
DA:71,0
DA:74,2
DA:75,2
DA:76,0
DA:77,0
DA:78,0
DA:80,0
DA:82,2
DA:88,18
DA:89,0
DA:90,0
DA:94,18
DA:95,1
DA:96,1
DA:101,18
DA:102,1
DA:103,1
DA:104,1
DA:105,1
DA:106,1
DA:107,1
DA:112,18
DA:113,1
DA:116,1
DA:117,1
DA:118,2
DA:123,1
DA:124,1
DA:127,1
DA:128,1
DA:133,18
DA:134,1
DA:136,1
DA:137,1
DA:138,1
DA:139,1
DA:140,1
DA:143,2
DA:146,1
DA:147,1
DA:151,1
DA:152,1
DA:153,1
DA:154,1
DA:156,0
DA:157,0
DA:163,18
DA:164,0
DA:167,18
DA:168,2
DA:178,0
DA:179,0
DA:180,0
DA:203,16
DA:204,0
DA:205,0
DA:206,0
DA:209,16
DA:210,0
DA:211,0
DA:212,0
DA:215,16
DA:233,2
DA:278,31
DA:284,2
DA:289,0
DA:291,0
DA:292,0
DA:293,0
DA:303,0
DA:349,0
LF:106
LH:79
BRDA:10,0,0,18
BRDA:11,1,0,18
BRDA:11,1,1,0
BRDA:27,2,0,6
BRDA:27,2,1,0
BRDA:30,3,0,0
BRDA:30,3,1,10
BRDA:30,4,0,10
BRDA:30,4,1,6
BRDA:34,5,0,0
BRDA:34,5,1,10
BRDA:37,6,0,0
BRDA:37,6,1,10
BRDA:67,7,0,0
BRDA:67,7,1,2
BRDA:70,8,0,0
BRDA:70,8,1,2
BRDA:75,9,0,0
BRDA:75,9,1,2
BRDA:77,10,0,0
BRDA:77,10,1,0
BRDA:95,11,0,1
BRDA:95,11,1,0
BRDA:102,12,0,1
BRDA:102,12,1,0
BRDA:105,13,0,1
BRDA:105,13,1,0
BRDA:118,14,0,1
BRDA:118,14,1,1
BRDA:127,15,0,1
BRDA:127,15,1,0
BRDA:134,16,0,0
BRDA:134,16,1,1
BRDA:146,17,0,1
BRDA:146,17,1,0
BRDA:167,18,0,2
BRDA:167,18,1,16
BRDA:167,19,0,18
BRDA:167,19,1,18
BRDA:171,20,0,2
BRDA:171,20,1,2
BRDA:174,21,0,2
BRDA:174,21,1,0
BRDA:186,22,0,0
BRDA:186,22,1,2
BRDA:188,23,0,2
BRDA:188,23,1,2
BRDA:188,23,2,0
BRDA:193,24,0,2
BRDA:193,24,1,2
BRDA:193,24,2,2
BRDA:193,24,3,2
BRDA:217,25,0,0
BRDA:217,25,1,16
BRDA:217,26,0,16
BRDA:217,26,1,16
BRDA:221,27,0,16
BRDA:221,27,1,0
BRDA:221,28,0,16
BRDA:221,28,1,16
BRDA:228,29,0,16
BRDA:228,29,1,16
BRDA:228,29,2,16
BRDA:230,30,0,9
BRDA:230,30,1,7
BRDA:279,31,0,31
BRDA:279,31,1,0
BRDA:280,32,0,5
BRDA:280,32,1,26
BRDA:280,33,0,14
BRDA:280,33,1,17
BRDA:284,34,0,2
BRDA:284,34,1,0
BRDA:284,35,0,2
BRDA:284,35,1,2
BRDA:287,36,0,31
BRDA:287,36,1,0
BRDA:296,37,0,31
BRDA:296,37,1,31
BRDA:297,38,0,31
BRDA:297,38,1,14
BRDA:297,38,2,14
BRDA:334,39,0,16
BRDA:334,39,1,2
BRDA:334,39,2,2
BRDA:337,40,0,0
BRDA:337,40,1,2
BRDA:346,41,0,16
BRDA:346,41,1,1
BRDA:346,41,2,1
BRDA:355,42,0,16
BRDA:355,42,1,0
BRDA:355,42,2,0
BRF:93
BRH:66
end_of_record
TN:
SF:src/components/ImageModal.js
FN:4,(anonymous_0)
FN:9,(anonymous_1)
FN:26,(anonymous_2)
FNF:3
FNH:0
FNDA:0,(anonymous_0)
FNDA:0,(anonymous_1)
FNDA:0,(anonymous_2)
DA:4,1
DA:5,0
DA:7,0
DA:9,0
DA:27,0
LF:5
LH:1
BRDA:20,0,0,0
BRDA:20,0,1,0
BRDA:24,1,0,0
BRDA:24,1,1,0
BRDA:24,1,2,0
BRDA:29,2,0,0
BRDA:29,2,1,0
BRF:7
BRH:0
end_of_record
TN:
SF:src/components/Login.js
FN:8,(anonymous_0)
FN:10,(anonymous_1)
FN:11,(anonymous_2)
FN:26,(anonymous_3)
FN:27,(anonymous_4)
FN:37,(anonymous_5)
FN:43,(anonymous_6)
FN:48,(anonymous_7)
FN:60,(anonymous_8)
FNF:9
FNH:9
FNDA:3,(anonymous_0)
FNDA:3,(anonymous_1)
FNDA:3,(anonymous_2)
FNDA:3,(anonymous_3)
FNDA:1,(anonymous_4)
FNDA:3,(anonymous_5)
FNDA:3,(anonymous_6)
FNDA:3,(anonymous_7)
FNDA:3,(anonymous_8)
DA:8,1
DA:10,3
DA:11,3
DA:12,3
DA:13,3
DA:14,3
DA:15,1
DA:18,0
DA:22,3
DA:26,3
DA:27,3
DA:28,1
DA:29,1
DA:30,1
DA:34,3
DA:37,3
DA:38,3
DA:43,3
DA:45,3
DA:48,3
DA:50,3
DA:51,3
DA:52,3
DA:53,3
DA:54,3
DA:57,3
DA:60,3
DA:61,3
DA:62,3
DA:63,3
DA:68,3
LF:31
LH:30
BRDA:14,0,0,1
BRDA:14,0,1,2
BRDA:62,1,0,3
BRDA:62,1,1,0
BRF:4
BRH:3
end_of_record
TN:
SF:src/components/SetGoalModal.js
FN:6,(anonymous_0)
FN:15,(anonymous_1)
FN:34,(anonymous_2)
FN:42,(anonymous_3)
FN:50,(anonymous_4)
FN:61,(anonymous_5)
FN:71,(anonymous_6)
FNF:7
FNH:6
FNDA:7,(anonymous_0)
FNDA:1,(anonymous_1)
FNDA:3,(anonymous_2)
FNDA:0,(anonymous_3)
FNDA:1,(anonymous_4)
FNDA:1,(anonymous_5)
FNDA:1,(anonymous_6)
DA:6,1
DA:7,7
DA:8,7
DA:9,7
DA:10,7
DA:11,7
DA:13,7
DA:15,6
DA:16,1
DA:21,1
DA:22,1
DA:23,1
DA:24,1
DA:25,1
DA:27,0
DA:28,0
DA:32,6
DA:34,3
DA:42,0
DA:50,1
DA:61,1
DA:71,1
LF:22
LH:19
BRDA:11,0,0,7
BRDA:11,0,1,0
BRDA:13,1,0,1
BRDA:13,1,1,6
BRF:4
BRH:3
end_of_record
TN:
SF:src/components/UserProfile.js
FN:11,(anonymous_0)
FN:26,(anonymous_1)
FN:27,(anonymous_2)
FN:60,(anonymous_3)
FN:62,(anonymous_4)
FN:68,(anonymous_5)
FN:76,(anonymous_6)
FN:84,(anonymous_7)
FN:97,(anonymous_8)
FN:141,(anonymous_9)
FN:147,(anonymous_10)
FN:201,(anonymous_11)
FN:210,(anonymous_12)
FNF:13
FNH:0
FNDA:0,(anonymous_0)
FNDA:0,(anonymous_1)
FNDA:0,(anonymous_2)
FNDA:0,(anonymous_3)
FNDA:0,(anonymous_4)
FNDA:0,(anonymous_5)
FNDA:0,(anonymous_6)
FNDA:0,(anonymous_7)
FNDA:0,(anonymous_8)
FNDA:0,(anonymous_9)
FNDA:0,(anonymous_10)
FNDA:0,(anonymous_11)
FNDA:0,(anonymous_12)
DA:11,0
DA:12,0
DA:13,0
DA:14,0
DA:15,0
DA:16,0
DA:17,0
DA:18,0
DA:19,0
DA:20,0
DA:21,0
DA:22,0
DA:23,0
DA:24,0
DA:26,0
DA:27,0
DA:28,0
DA:29,0
DA:30,0
DA:33,0
DA:34,0
DA:35,0
DA:38,0
DA:39,0
DA:42,0
DA:43,0
DA:44,0
DA:47,0
DA:49,0
DA:50,0
DA:51,0
DA:55,0
DA:56,0
DA:60,0
DA:61,0
DA:62,0
DA:63,0
DA:64,0
DA:68,0
DA:69,0
DA:70,0
DA:72,0
DA:73,0
DA:74,0
DA:76,0
DA:81,0
DA:82,0
DA:84,0
DA:90,0
DA:92,0
DA:93,0
DA:97,0
DA:98,0
DA:101,0
DA:102,0
DA:105,0
DA:106,0
DA:109,0
DA:110,0
DA:113,0
DA:141,0
DA:147,0
DA:201,0
DA:210,0
LF:64
LH:0
BRDA:42,0,0,0
BRDA:42,0,1,0
BRDA:55,1,0,0
BRDA:55,1,1,0
BRDA:63,2,0,0
BRDA:63,2,1,0
BRDA:72,3,0,0
BRDA:72,3,1,0
BRDA:101,4,0,0
BRDA:101,4,1,0
BRDA:105,5,0,0
BRDA:105,5,1,0
BRDA:109,6,0,0
BRDA:109,6,1,0
BRDA:121,7,0,0
BRDA:121,7,1,0
BRDA:131,8,0,0
BRDA:131,8,1,0
BRDA:134,9,0,0
BRDA:134,9,1,0
BRDA:154,10,0,0
BRDA:154,10,1,0
BRDA:158,11,0,0
BRDA:158,11,1,0
BRDA:158,12,0,0
BRDA:158,12,1,0
BRDA:165,13,0,0
BRDA:165,13,1,0
BRDA:180,14,0,0
BRDA:180,14,1,0
BRDA:187,15,0,0
BRDA:187,15,1,0
BRDA:190,16,0,0
BRDA:190,16,1,0
BRDA:197,17,0,0
BRDA:197,17,1,0
BRDA:206,18,0,0
BRDA:206,18,1,0
BRF:38
BRH:0
end_of_record
TN:
SF:src/components/UserSearch.js
FN:6,(anonymous_0)
FN:14,(anonymous_1)
FN:15,(anonymous_2)
FN:22,(anonymous_3)
FN:28,(anonymous_4)
FN:29,(anonymous_5)
FN:37,(anonymous_6)
FN:40,(anonymous_7)
FN:57,(anonymous_8)
FN:61,(anonymous_9)
FN:67,(anonymous_10)
FN:88,(anonymous_11)
FNF:12
FNH:0
FNDA:0,(anonymous_0)
FNDA:0,(anonymous_1)
FNDA:0,(anonymous_2)
FNDA:0,(anonymous_3)
FNDA:0,(anonymous_4)
FNDA:0,(anonymous_5)
FNDA:0,(anonymous_6)
FNDA:0,(anonymous_7)
FNDA:0,(anonymous_8)
FNDA:0,(anonymous_9)
FNDA:0,(anonymous_10)
FNDA:0,(anonymous_11)
DA:6,0
DA:7,0
DA:8,0
DA:9,0
DA:10,0
DA:11,0
DA:14,0
DA:15,0
DA:16,0
DA:17,0
DA:21,0
DA:22,0
DA:23,0
DA:28,0
DA:29,0
DA:30,0
DA:31,0
DA:33,0
DA:37,0
DA:40,0
DA:41,0
DA:43,0
DA:44,0
DA:46,0
DA:47,0
DA:48,0
DA:49,0
DA:50,0
DA:52,0
DA:53,0
DA:57,0
DA:58,0
DA:61,0
DA:62,0
DA:63,0
DA:67,0
DA:68,0
DA:69,0
DA:72,0
DA:89,0
LF:40
LH:0
BRDA:16,0,0,0
BRDA:16,0,1,0
BRDA:16,1,0,0
BRDA:16,1,1,0
BRDA:30,2,0,0
BRDA:30,2,1,0
BRDA:41,3,0,0
BRDA:41,3,1,0
BRDA:62,4,0,0
BRDA:62,4,1,0
BRDA:83,5,0,0
BRDA:83,5,1,0
BRDA:86,6,0,0
BRDA:86,6,1,0
BRDA:86,6,2,0
BRDA:96,7,0,0
BRDA:96,7,1,0
BRDA:105,8,0,0
BRDA:105,8,1,0
BRDA:115,9,0,0
BRDA:115,9,1,0
BRDA:115,9,2,0
BRDA:115,9,3,0
BRF:23
BRH:0
end_of_record
TN:
SF:src/components/WishlistGrid.js
FN:11,(anonymous_0)
FN:32,(anonymous_1)
FN:34,(anonymous_2)
FN:35,(anonymous_3)
FN:36,(anonymous_4)
FN:53,(anonymous_5)
FN:54,(anonymous_6)
FN:75,(anonymous_7)
FN:83,(anonymous_8)
FN:85,(anonymous_9)
FN:97,(anonymous_10)
FN:103,(anonymous_11)
FN:110,(anonymous_12)
FN:113,(anonymous_13)
FN:121,(anonymous_14)
FN:135,(anonymous_15)
FN:159,(anonymous_16)
FN:166,(anonymous_17)
FN:187,(anonymous_18)
FN:192,(anonymous_19)
FN:198,(anonymous_20)
FN:214,(anonymous_21)
FN:232,(anonymous_22)
FN:266,(anonymous_23)
FN:273,(anonymous_24)
FN:278,(anonymous_25)
FN:279,(anonymous_26)
FN:292,(anonymous_27)
FN:321,(anonymous_28)
FN:330,(anonymous_29)
FNF:30
FNH:0
FNDA:0,(anonymous_0)
FNDA:0,(anonymous_1)
FNDA:0,(anonymous_2)
FNDA:0,(anonymous_3)
FNDA:0,(anonymous_4)
FNDA:0,(anonymous_5)
FNDA:0,(anonymous_6)
FNDA:0,(anonymous_7)
FNDA:0,(anonymous_8)
FNDA:0,(anonymous_9)
FNDA:0,(anonymous_10)
FNDA:0,(anonymous_11)
FNDA:0,(anonymous_12)
FNDA:0,(anonymous_13)
FNDA:0,(anonymous_14)
FNDA:0,(anonymous_15)
FNDA:0,(anonymous_16)
FNDA:0,(anonymous_17)
FNDA:0,(anonymous_18)
FNDA:0,(anonymous_19)
FNDA:0,(anonymous_20)
FNDA:0,(anonymous_21)
FNDA:0,(anonymous_22)
FNDA:0,(anonymous_23)
FNDA:0,(anonymous_24)
FNDA:0,(anonymous_25)
FNDA:0,(anonymous_26)
FNDA:0,(anonymous_27)
FNDA:0,(anonymous_28)
FNDA:0,(anonymous_29)
DA:11,0
DA:19,0
DA:20,0
DA:21,0
DA:22,0
DA:23,0
DA:24,0
DA:25,0
DA:26,0
DA:27,0
DA:28,0
DA:29,0
DA:32,0
DA:33,0
DA:34,0
DA:36,0
DA:37,0
DA:46,0
DA:47,0
DA:48,0
DA:50,0
DA:53,0
DA:54,0
DA:55,0
DA:56,0
DA:57,0
DA:59,0
DA:63,0
DA:66,0
DA:67,0
DA:75,0
DA:76,0
DA:78,0
DA:79,0
DA:80,0
DA:83,0
DA:84,0
DA:85,0
DA:86,0
DA:87,0
DA:89,0
DA:91,0
DA:97,0
DA:98,0
DA:99,0
DA:103,0
DA:104,0
DA:105,0
DA:110,0
DA:111,0
DA:112,0
DA:113,0
DA:114,0
DA:115,0
DA:116,0
DA:121,0
DA:122,0
DA:125,0
DA:126,0
DA:129,0
DA:130,0
DA:135,0
DA:136,0
DA:138,0
DA:139,0
DA:140,0
DA:143,0
DA:144,0
DA:148,0
DA:149,0
DA:150,0
DA:151,0
DA:153,0
DA:154,0
DA:159,0
DA:160,0
DA:162,0
DA:163,0
DA:166,0
DA:167,0
DA:171,0
DA:172,0
DA:176,0
DA:177,0
DA:178,0
DA:179,0
DA:181,0
DA:182,0
DA:187,0
DA:188,0
DA:192,0
DA:193,0
DA:194,0
DA:195,0
DA:198,0
DA:199,0
DA:200,0
DA:201,0
DA:204,0
DA:214,0
DA:232,0
DA:267,0
DA:273,0
DA:278,0
DA:280,0
DA:281,0
DA:282,0
DA:292,0
DA:321,0
DA:330,0
LF:110
LH:0
BRDA:17,0,0,0
BRDA:33,1,0,0
BRDA:33,1,1,0
BRDA:39,2,0,0
BRDA:39,2,1,0
BRDA:42,3,0,0
BRDA:42,3,1,0
BRDA:66,4,0,0
BRDA:66,4,1,0
BRDA:66,5,0,0
BRDA:66,5,1,0
BRDA:69,6,0,0
BRDA:69,6,1,0
BRDA:76,7,0,0
BRDA:76,7,1,0
BRDA:79,8,0,0
BRDA:79,8,1,0
BRDA:84,9,0,0
BRDA:84,9,1,0
BRDA:86,10,0,0
BRDA:86,10,1,0
BRDA:104,11,0,0
BRDA:104,11,1,0
BRDA:111,12,0,0
BRDA:111,12,1,0
BRDA:114,13,0,0
BRDA:114,13,1,0
BRDA:129,14,0,0
BRDA:129,14,1,0
BRDA:136,15,0,0
BRDA:136,15,1,0
BRDA:143,16,0,0
BRDA:143,16,1,0
BRDA:160,17,0,0
BRDA:160,17,1,0
BRDA:171,18,0,0
BRDA:171,18,1,0
BRDA:209,19,0,0
BRDA:209,19,1,0
BRDA:209,19,2,0
BRDA:211,20,0,0
BRDA:211,20,1,0
BRDA:268,21,0,0
BRDA:268,21,1,0
BRDA:269,22,0,0
BRDA:269,22,1,0
BRDA:269,23,0,0
BRDA:269,23,1,0
BRDA:273,24,0,0
BRDA:273,24,1,0
BRDA:273,25,0,0
BRDA:273,25,1,0
BRDA:276,26,0,0
BRDA:276,26,1,0
BRDA:285,27,0,0
BRDA:285,27,1,0
BRDA:286,28,0,0
BRDA:286,28,1,0
BRDA:286,28,2,0
BRDA:303,29,0,0
BRDA:303,29,1,0
BRDA:303,29,2,0
BRDA:306,30,0,0
BRDA:306,30,1,0
BRDA:315,31,0,0
BRDA:315,31,1,0
BRDA:315,31,2,0
BRDA:318,32,0,0
BRDA:318,32,1,0
BRDA:327,33,0,0
BRDA:327,33,1,0
BRDA:327,33,2,0
BRDA:337,34,0,0
BRDA:337,34,1,0
BRDA:337,34,2,0
BRF:75
BRH:0
end_of_record
TN:
SF:src/components/WishlistModal.js
FN:4,(anonymous_0)
FN:9,(anonymous_1)
FN:30,(anonymous_2)
FN:45,(anonymous_3)
FNF:4
FNH:0
FNDA:0,(anonymous_0)
FNDA:0,(anonymous_1)
FNDA:0,(anonymous_2)
FNDA:0,(anonymous_3)
DA:4,0
DA:5,0
DA:7,0
DA:9,0
DA:31,0
DA:45,0
LF:6
LH:0
BRDA:15,0,0,0
BRDA:15,0,1,0
BRDA:15,0,2,0
BRDA:24,1,0,0
BRDA:24,1,1,0
BRDA:28,2,0,0
BRDA:28,2,1,0
BRDA:28,2,2,0
BRDA:33,3,0,0
BRDA:33,3,1,0
BRDA:39,4,0,0
BRDA:39,4,1,0
BRF:12
BRH:0
end_of_record
TN:
SF:src/context/UserContext.js
FN:6,(anonymous_0)
FN:10,(anonymous_1)
FN:11,(anonymous_2)
FN:31,(anonymous_3)
FN:35,(anonymous_4)
FN:46,(anonymous_5)
FNF:6
FNH:0
FNDA:0,(anonymous_0)
FNDA:0,(anonymous_1)
FNDA:0,(anonymous_2)
FNDA:0,(anonymous_3)
FNDA:0,(anonymous_4)
FNDA:0,(anonymous_5)
DA:4,0
DA:6,0
DA:7,0
DA:8,0
DA:10,0
DA:11,0
DA:12,0
DA:13,0
DA:14,0
DA:15,0
DA:16,0
DA:18,0
DA:21,0
DA:22,0
DA:24,0
DA:28,0
DA:31,0
DA:32,0
DA:35,0
DA:36,0
DA:39,0
DA:46,0
LF:22
LH:0
BRDA:15,0,0,0
BRDA:15,0,1,0
BRF:2
BRH:0
end_of_record
TN:
SF:src/services/api.js
FN:3,(anonymous_0)
FN:23,(anonymous_1)
FN:37,(anonymous_2)
FN:63,(anonymous_3)
FN:77,(anonymous_4)
FN:110,(anonymous_5)
FN:166,(anonymous_6)
FN:192,(anonymous_7)
FN:218,(anonymous_8)
FN:246,(anonymous_9)
FN:265,(anonymous_10)
FN:284,(anonymous_11)
FN:302,(anonymous_12)
FN:324,(anonymous_13)
FN:351,(anonymous_14)
FN:378,(anonymous_15)
FN:401,(anonymous_16)
FN:425,(anonymous_17)
FN:435,(anonymous_18)
FN:443,(anonymous_19)
FN:470,(anonymous_20)
FN:509,(anonymous_21)
FN:537,(anonymous_22)
FN:575,(anonymous_23)
FN:603,(anonymous_24)
FN:617,(anonymous_25)
FN:650,(anonymous_26)
FN:676,(anonymous_27)
FN:698,(anonymous_28)
FN:717,(anonymous_29)
FN:734,(anonymous_30)
FN:757,(anonymous_31)
FNF:32
FNH:0
FNDA:0,(anonymous_0)
FNDA:0,(anonymous_1)
FNDA:0,(anonymous_2)
FNDA:0,(anonymous_3)
FNDA:0,(anonymous_4)
FNDA:0,(anonymous_5)
FNDA:0,(anonymous_6)
FNDA:0,(anonymous_7)
FNDA:0,(anonymous_8)
FNDA:0,(anonymous_9)
FNDA:0,(anonymous_10)
FNDA:0,(anonymous_11)
FNDA:0,(anonymous_12)
FNDA:0,(anonymous_13)
FNDA:0,(anonymous_14)
FNDA:0,(anonymous_15)
FNDA:0,(anonymous_16)
FNDA:0,(anonymous_17)
FNDA:0,(anonymous_18)
FNDA:0,(anonymous_19)
FNDA:0,(anonymous_20)
FNDA:0,(anonymous_21)
FNDA:0,(anonymous_22)
FNDA:0,(anonymous_23)
FNDA:0,(anonymous_24)
FNDA:0,(anonymous_25)
FNDA:0,(anonymous_26)
FNDA:0,(anonymous_27)
FNDA:0,(anonymous_28)
FNDA:0,(anonymous_29)
FNDA:0,(anonymous_30)
FNDA:0,(anonymous_31)
DA:1,4
DA:3,4
DA:4,0
DA:5,0
DA:13,0
DA:14,0
DA:16,0
DA:18,0
DA:19,0
DA:23,4
DA:24,0
DA:26,0
DA:31,0
DA:32,0
DA:36,0
DA:37,0
DA:40,0
DA:50,0
DA:51,0
DA:52,0
DA:53,0
DA:56,0
DA:58,0
DA:59,0
DA:63,4
DA:64,0
DA:66,0
DA:71,0
DA:72,0
DA:76,0
DA:77,0
DA:80,0
DA:81,0
DA:82,0
DA:83,0
DA:86,0
DA:88,0
DA:97,0
DA:98,0
DA:99,0
DA:100,0
DA:103,0
DA:105,0
DA:106,0
DA:110,4
DA:111,0
DA:113,0
DA:115,0
DA:116,0
DA:117,0
DA:118,0
DA:122,0
DA:123,0
DA:132,0
DA:133,0
DA:136,0
DA:137,0
DA:138,0
DA:141,0
DA:150,0
DA:151,0
DA:152,0
DA:153,0
DA:156,0
DA:158,0
DA:161,0
DA:162,0
DA:166,4
DA:167,0
DA:169,0
DA:171,0
DA:179,0
DA:180,0
DA:181,0
DA:182,0
DA:185,0
DA:187,0
DA:188,0
DA:192,4
DA:193,0
DA:195,0
DA:197,0
DA:205,0
DA:206,0
DA:207,0
DA:208,0
DA:211,0
DA:213,0
DA:214,0
DA:218,4
DA:219,0
DA:221,0
DA:223,0
DA:233,0
DA:234,0
DA:235,0
DA:236,0
DA:239,0
DA:241,0
DA:242,0
DA:246,4
DA:247,0
DA:248,0
DA:253,0
DA:254,0
DA:257,0
DA:259,0
DA:260,0
DA:265,4
DA:266,0
DA:267,0
DA:268,0
DA:273,0
DA:274,0
DA:277,0
DA:279,0
DA:280,0
DA:284,4
DA:285,0
DA:286,0
DA:291,0
DA:292,0
DA:295,0
DA:297,0
DA:298,0
DA:302,4
DA:303,0
DA:304,0
DA:308,0
DA:313,0
DA:314,0
DA:317,0
DA:319,0
DA:320,0
DA:324,4
DA:325,0
DA:326,0
DA:328,0
DA:338,0
DA:339,0
DA:340,0
DA:341,0
DA:344,0
DA:346,0
DA:347,0
DA:351,4
DA:352,0
DA:353,0
DA:355,0
DA:365,0
DA:366,0
DA:367,0
DA:368,0
DA:371,0
DA:373,0
DA:374,0
DA:378,4
DA:379,0
DA:381,0
DA:385,0
DA:390,0
DA:391,0
DA:394,0
DA:396,0
DA:397,0
DA:401,4
DA:402,0
DA:404,0
DA:408,0
DA:413,0
DA:414,0
DA:417,0
DA:419,0
DA:420,0
DA:425,4
DA:426,0
DA:428,0
DA:434,0
DA:435,0
DA:438,0
DA:439,0
DA:443,4
DA:444,0
DA:446,0
DA:448,0
DA:457,0
DA:458,0
DA:459,0
DA:460,0
DA:463,0
DA:465,0
DA:466,0
DA:470,4
DA:471,0
DA:473,0
DA:474,0
DA:475,0
DA:476,0
DA:480,0
DA:482,0
DA:492,0
DA:494,0
DA:495,0
DA:496,0
DA:497,0
DA:500,0
DA:501,0
DA:502,0
DA:504,0
DA:505,0
DA:509,4
DA:510,0
DA:512,0
DA:514,0
DA:524,0
DA:525,0
DA:526,0
DA:527,0
DA:530,0
DA:532,0
DA:533,0
DA:537,4
DA:538,0
DA:540,0
DA:543,0
DA:544,0
DA:545,0
DA:546,0
DA:548,0
DA:552,0
DA:562,0
DA:563,0
DA:564,0
DA:565,0
DA:568,0
DA:570,0
DA:571,0
DA:575,4
DA:576,0
DA:578,0
DA:580,0
DA:590,0
DA:591,0
DA:592,0
DA:593,0
DA:596,0
DA:598,0
DA:599,0
DA:603,4
DA:604,0
DA:606,0
DA:611,0
DA:612,0
DA:616,0
DA:617,0
DA:620,0
DA:621,0
DA:622,0
DA:623,0
DA:626,0
DA:628,0
DA:637,0
DA:638,0
DA:639,0
DA:640,0
DA:643,0
DA:645,0
DA:646,0
DA:650,4
DA:651,0
DA:653,0
DA:655,0
DA:663,0
DA:664,0
DA:665,0
DA:666,0
DA:669,0
DA:671,0
DA:672,0
DA:676,4
DA:677,0
DA:678,0
DA:687,0
DA:688,0
DA:691,0
DA:693,0
DA:694,0
DA:698,4
DA:699,0
DA:700,0
DA:709,0
DA:710,0
DA:713,0
DA:716,0
DA:717,0
DA:723,0
DA:729,0
DA:730,0
DA:734,4
DA:735,0
DA:736,0
DA:738,0
DA:747,0
DA:748,0
DA:750,0
DA:752,0
DA:753,0
DA:757,4
DA:758,0
DA:759,0
DA:766,0
DA:767,0
DA:769,0
DA:771,0
DA:772,0
LF:315
LH:28
BRDA:1,0,0,4
BRDA:1,0,1,0
BRDA:13,1,0,0
BRDA:13,1,1,0
BRDA:31,2,0,0
BRDA:31,2,1,0
BRDA:36,3,0,0
BRDA:36,3,1,0
BRDA:50,4,0,0
BRDA:50,4,1,0
BRDA:71,5,0,0
BRDA:71,5,1,0
BRDA:76,6,0,0
BRDA:76,6,1,0
BRDA:97,7,0,0
BRDA:97,7,1,0
BRDA:132,8,0,0
BRDA:132,8,1,0
BRDA:150,9,0,0
BRDA:150,9,1,0
BRDA:179,10,0,0
BRDA:179,10,1,0
BRDA:205,11,0,0
BRDA:205,11,1,0
BRDA:233,12,0,0
BRDA:233,12,1,0
BRDA:253,13,0,0
BRDA:253,13,1,0
BRDA:273,14,0,0
BRDA:273,14,1,0
BRDA:291,15,0,0
BRDA:291,15,1,0
BRDA:302,16,0,0
BRDA:304,17,0,0
BRDA:304,17,1,0
BRDA:313,18,0,0
BRDA:313,18,1,0
BRDA:338,19,0,0
BRDA:338,19,1,0
BRDA:365,20,0,0
BRDA:365,20,1,0
BRDA:378,21,0,0
BRDA:381,22,0,0
BRDA:381,22,1,0
BRDA:390,23,0,0
BRDA:390,23,1,0
BRDA:401,24,0,0
BRDA:404,25,0,0
BRDA:404,25,1,0
BRDA:413,26,0,0
BRDA:413,26,1,0
BRDA:434,27,0,0
BRDA:434,27,1,0
BRDA:457,28,0,0
BRDA:457,28,1,0
BRDA:494,29,0,0
BRDA:494,29,1,0
BRDA:524,30,0,0
BRDA:524,30,1,0
BRDA:545,31,0,0
BRDA:545,31,1,0
BRDA:545,32,0,0
BRDA:545,32,1,0
BRDA:562,33,0,0
BRDA:562,33,1,0
BRDA:590,34,0,0
BRDA:590,34,1,0
BRDA:611,35,0,0
BRDA:611,35,1,0
BRDA:616,36,0,0
BRDA:616,36,1,0
BRDA:637,37,0,0
BRDA:637,37,1,0
BRDA:663,38,0,0
BRDA:663,38,1,0
BRDA:687,39,0,0
BRDA:687,39,1,0
BRDA:709,40,0,0
BRDA:709,40,1,0
BRDA:716,41,0,0
BRDA:716,41,1,0
BRDA:747,42,0,0
BRDA:747,42,1,0
BRDA:766,43,0,0
BRDA:766,43,1,0
BRF:85
BRH:1
end_of_record
TN:
SF:src/services/auth.js
FN:5,(anonymous_0)
FN:32,(anonymous_1)
FN:64,(anonymous_2)
FN:75,(anonymous_3)
FN:94,(anonymous_4)
FN:115,(anonymous_5)
FN:126,(anonymous_6)
FN:138,(anonymous_7)
FNF:8
FNH:0
FNDA:0,(anonymous_0)
FNDA:0,(anonymous_1)
FNDA:0,(anonymous_2)
FNDA:0,(anonymous_3)
FNDA:0,(anonymous_4)
FNDA:0,(anonymous_5)
FNDA:0,(anonymous_6)
FNDA:0,(anonymous_7)
DA:2,1
DA:5,1
DA:6,0
DA:7,0
DA:8,0
DA:17,0
DA:18,0
DA:19,0
DA:20,0
DA:21,0
DA:24,0
DA:26,0
DA:27,0
DA:32,1
DA:33,0
DA:34,0
DA:36,0
DA:37,0
DA:47,0
DA:49,0
DA:50,0
DA:51,0
DA:54,0
DA:55,0
DA:56,0
DA:58,0
DA:59,0
DA:64,1
DA:65,0
DA:67,0
DA:69,0
DA:75,0
DA:80,0
DA:81,0
DA:82,0
DA:83,0
DA:86,0
DA:88,0
DA:89,0
DA:94,1
DA:95,0
DA:96,0
DA:101,0
DA:102,0
DA:103,0
DA:108,0
DA:110,0
DA:111,0
DA:115,1
DA:116,0
DA:118,0
DA:120,0
DA:126,0
DA:131,0
DA:132,0
DA:133,0
DA:134,0
DA:138,0
DA:139,0
DA:140,0
DA:143,0
DA:145,0
DA:146,0
LF:63
LH:6
BRDA:2,0,0,1
BRDA:2,0,1,0
BRDA:18,1,0,0
BRDA:18,1,1,0
BRDA:49,2,0,0
BRDA:49,2,1,0
BRDA:74,3,0,0
BRDA:74,3,1,0
BRDA:80,4,0,0
BRDA:80,4,1,0
BRDA:101,5,0,0
BRDA:101,5,1,0
BRDA:125,6,0,0
BRDA:125,6,1,0
BRDA:131,7,0,0
BRDA:131,7,1,0
BRF:16
BRH:1
end_of_record
TN:
SF:src/services/google-auth.js
FN:4,(anonymous_0)
FN:14,(anonymous_1)
FN:32,(anonymous_2)
FN:37,(anonymous_3)
FN:46,handleCredentialResponse
FN:52,(anonymous_5)
FN:57,(anonymous_6)
FN:64,initializeGoogleSignIn
FNF:8
FNH:0
FNDA:0,(anonymous_0)
FNDA:0,(anonymous_1)
FNDA:0,(anonymous_2)
FNDA:0,(anonymous_3)
FNDA:0,handleCredentialResponse
FNDA:0,(anonymous_5)
FNDA:0,(anonymous_6)
FNDA:0,initializeGoogleSignIn
DA:4,0
DA:5,0
DA:6,0
DA:7,0
DA:10,0
DA:12,0
DA:15,0
DA:16,0
DA:17,0
DA:19,0
DA:20,0
DA:22,0
DA:23,0
DA:24,0
DA:25,0
DA:29,0
DA:33,0
DA:37,0
DA:38,0
DA:39,0
DA:40,0
DA:47,0
DA:49,0
DA:51,0
DA:54,0
DA:55,0
DA:58,0
DA:65,0
DA:69,0
LF:29
LH:0
BRDA:5,0,0,0
BRDA:5,0,1,0
BRDA:15,1,0,0
BRDA:15,1,1,0
BRDA:23,2,0,0
BRDA:23,2,1,0
BRDA:39,3,0,0
BRDA:39,3,1,0
BRDA:39,4,0,0
BRDA:39,4,1,0
BRDA:40,5,0,0
BRDA:40,5,1,0
BRDA:49,6,0,0
BRDA:49,6,1,0
BRDA:49,7,0,0
BRDA:49,7,1,0
BRF:16
BRH:0
end_of_record
TN:
SF:src/tests/reportWebVitals.js
FN:1,(anonymous_0)
FN:3,(anonymous_1)
FNF:2
FNH:0
FNDA:0,(anonymous_0)
FNDA:0,(anonymous_1)
DA:1,0
DA:2,0
DA:3,0
DA:4,0
DA:5,0
DA:6,0
DA:7,0
DA:8,0
LF:8
LH:0
BRDA:2,0,0,0
BRDA:2,0,1,0
BRDA:2,1,0,0
BRDA:2,1,1,0
BRF:4
BRH:0
end_of_record
TN:
SF:src/tests/setupTests.js
FN:6,(anonymous_0)
FN:8,(anonymous_1)
FN:10,(anonymous_2)
FNF:3
FNH:0
FNDA:0,(anonymous_0)
FNDA:0,(anonymous_1)
FNDA:0,(anonymous_2)
DA:6,0
DA:8,0
DA:10,0
LF:3
LH:0
BRF:0
BRH:0
end_of_record
TN:
SF:src/tests/mocks/server.js
FN:7,(anonymous_0)
FN:14,(anonymous_1)
FN:21,(anonymous_2)
FNF:3
FNH:0
FNDA:0,(anonymous_0)
FNDA:0,(anonymous_1)
FNDA:0,(anonymous_2)
DA:5,0
DA:8,0
DA:15,0
DA:22,0
DA:23,0
LF:5
LH:0
BRF:0
BRH:0
end_of_record
